[25/06/2014 12:50:49] (Notice - virtual void ProtocolGame::parsePacket(NetworkMessage&)) PLAYER: Jamil sent unknown byte: 0x24ff164

[25/06/2014 12:51:42] (Notice - virtual void ProtocolGame::parsePacket(NetworkMessage&)) PLAYER: Jamil sent unknown byte: 0x24ff164

[25/06/2014 12:51:42] (Notice - virtual void ProtocolGame::parsePacket(NetworkMessage&)) PLAYER: Jamil sent unknown byte: 0x24ff164

[25/06/2014 12:51:42] (Notice - virtual void ProtocolGame::parsePacket(NetworkMessage&)) PLAYER: Jamil sent unknown byte: 0x24ff164

[25/06/2014 12:51:43] (Notice - virtual void ProtocolGame::parsePacket(NetworkMessage&)) PLAYER: Jamil sent unknown byte: 0x24ff164

[25/06/2014 12:51:43] (Notice - virtual void ProtocolGame::parsePacket(NetworkMessage&)) PLAYER: Jamil sent unknown byte: 0x24ff164

[25/06/2014 12:51:43] (Notice - virtual void ProtocolGame::parsePacket(NetworkMessage&)) PLAYER: Jamil sent unknown byte: 0x24ff164

[25/06/2014 12:51:43] (Notice - virtual void ProtocolGame::parsePacket(NetworkMessage&)) PLAYER: Jamil sent unknown byte: 0x24ff164

[25/06/2014 12:51:43] (Notice - virtual void ProtocolGame::parsePacket(NetworkMessage&)) PLAYER: Jamil sent unknown byte: 0x24ff164

[25/06/2014 17:31:08] (Notice - virtual void ProtocolGame::parsePacket(NetworkMessage&)) PLAYER: Black Movier sent unknown byte: 0x24bf164

[25/06/2014 17:31:17] (Notice - virtual void ProtocolGame::parsePacket(NetworkMessage&)) PLAYER: Black Movier sent unknown byte: 0x24bf164

[30/08/2017 00:01:51] (Notice - virtual void ProtocolGame::parsePacket(NetworkMessage&)) PLAYER: [ADM] Raafa sent unknown byte: 0x4a6f164

[30/08/2017 00:01:56] (Notice - virtual void ProtocolGame::parsePacket(NetworkMessage&)) PLAYER: [ADM] Raafa sent unknown byte: 0x4a6f164

[30/08/2017 00:01:59] (Notice - virtual void ProtocolGame::parsePacket(NetworkMessage&)) PLAYER: [ADM] Raafa sent unknown byte: 0x4a6f164

[30/08/2017 00:02:00] (Notice - virtual void ProtocolGame::parsePacket(NetworkMessage&)) PLAYER: [ADM] Raafa sent unknown byte: 0x4a6f164

[30/08/2017 00:02:01] (Notice - virtual void ProtocolGame::parsePacket(NetworkMessage&)) PLAYER: [ADM] Raafa sent unknown byte: 0x4a6f164

[30/08/2017 00:02:01] (Notice - virtual void ProtocolGame::parsePacket(NetworkMessage&)) PLAYER: [ADM] Raafa sent unknown byte: 0x4a6f164

[30/08/2017 00:02:03] (Notice - virtual void ProtocolGame::parsePacket(NetworkMessage&)) PLAYER: [ADM] Raafa sent unknown byte: 0x4a6f164

[30/08/2017 00:02:11] (Notice - virtual void ProtocolGame::parsePacket(NetworkMessage&)) PLAYER: [ADM] Raafa sent unknown byte: 0x4a6f164

[02/09/2017 16:55:24] (Notice - virtual void ProtocolGame::parsePacket(NetworkMessage&)) PLAYER: [GM] MisTerius Power sent unknown byte: 0x697f164

[02/09/2017 16:55:26] (Notice - virtual void ProtocolGame::parsePacket(NetworkMessage&)) PLAYER: [GM] MisTerius Power sent unknown byte: 0x697f164

[02/09/2017 16:55:26] (Notice - virtual void ProtocolGame::parsePacket(NetworkMessage&)) PLAYER: [GM] MisTerius Power sent unknown byte: 0x697f164

[02/09/2017 16:55:29] (Notice - virtual void ProtocolGame::parsePacket(NetworkMessage&)) PLAYER: [GM] MisTerius Power sent unknown byte: 0x697f164

[02/09/2017 16:55:30] (Notice - virtual void ProtocolGame::parsePacket(NetworkMessage&)) PLAYER: [GM] MisTerius Power sent unknown byte: 0x697f164

[02/09/2017 16:55:30] (Notice - virtual void ProtocolGame::parsePacket(NetworkMessage&)) PLAYER: [GM] MisTerius Power sent unknown byte: 0x697f164

[02/09/2017 16:55:33] (Notice - virtual void ProtocolGame::parsePacket(NetworkMessage&)) PLAYER: [GM] MisTerius Power sent unknown byte: 0x697f164

[13/10/2017 21:19:19] (Notice - virtual void ProtocolGame::parsePacket(NetworkMessage&)) PLAYER: [ADM] Shady sent unknown byte: 0x532f164

[13/10/2017 21:19:20] (Notice - virtual void ProtocolGame::parsePacket(NetworkMessage&)) PLAYER: [ADM] Shady sent unknown byte: 0x532f164

[13/10/2017 21:19:21] (Notice - virtual void ProtocolGame::parsePacket(NetworkMessage&)) PLAYER: [ADM] Shady sent unknown byte: 0x532f164

[13/10/2017 21:19:22] (Notice - virtual void ProtocolGame::parsePacket(NetworkMessage&)) PLAYER: [ADM] Shady sent unknown byte: 0x532f164

[13/10/2017 21:19:26] (Notice - virtual void ProtocolGame::parsePacket(NetworkMessage&)) PLAYER: [ADM] Shady sent unknown byte: 0x532f164

[13/10/2017 21:19:43] (Notice - virtual void ProtocolGame::parsePacket(NetworkMessage&)) PLAYER: [ADM] Shady sent unknown byte: 0x532f164

[06/01/2018 03:00:50] (Notice - virtual void ProtocolGame::parsePacket(NetworkMessage&)) PLAYER: Ripa-na-chulipa sent unknown byte: 0x3e3f158

[25/02/2018 01:49:02] (Notice - virtual void ProtocolGame::parsePacket(NetworkMessage&)) PLAYER: Paulin sent unknown byte: 0x394f7a0

[25/02/2018 01:49:04] (Notice - virtual void ProtocolGame::parsePacket(NetworkMessage&)) PLAYER: Paulin sent unknown byte: 0x394f7a0

[25/02/2018 01:49:05] (Notice - virtual void ProtocolGame::parsePacket(NetworkMessage&)) PLAYER: Paulin sent unknown byte: 0x394f7a0

[25/02/2018 01:49:09] (Notice - virtual void ProtocolGame::parsePacket(NetworkMessage&)) PLAYER: Paulin sent unknown byte: 0x394f7a0

[25/02/2018 01:49:09] (Notice - virtual void ProtocolGame::parsePacket(NetworkMessage&)) PLAYER: Paulin sent unknown byte: 0x394f7a0

[25/02/2018 01:49:22] (Notice - virtual void ProtocolGame::parsePacket(NetworkMessage&)) PLAYER: Paulin sent unknown byte: 0x394f7a0

[25/02/2018 01:49:23] (Notice - virtual void ProtocolGame::parsePacket(NetworkMessage&)) PLAYER: Paulin sent unknown byte: 0x394f7a0

[25/02/2018 01:49:24] (Notice - virtual void ProtocolGame::parsePacket(NetworkMessage&)) PLAYER: Paulin sent unknown byte: 0x394f7a0

[25/02/2018 01:49:25] (Notice - virtual void ProtocolGame::parsePacket(NetworkMessage&)) PLAYER: Paulin sent unknown byte: 0x394f7a0

[25/02/2018 01:49:26] (Notice - virtual void ProtocolGame::parsePacket(NetworkMessage&)) PLAYER: Paulin sent unknown byte: 0x394f7a0

[25/02/2018 01:49:27] (Notice - virtual void ProtocolGame::parsePacket(NetworkMessage&)) PLAYER: Paulin sent unknown byte: 0x394f7a0

[25/02/2018 01:49:30] (Notice - virtual void ProtocolGame::parsePacket(NetworkMessage&)) PLAYER: Paulin sent unknown byte: 0x394f7a0

[25/02/2018 01:53:46] (Notice - virtual void ProtocolGame::parsePacket(NetworkMessage&)) PLAYER: Paulin sent unknown byte: 0x394f7a0

[25/02/2018 01:53:47] (Notice - virtual void ProtocolGame::parsePacket(NetworkMessage&)) PLAYER: Paulin sent unknown byte: 0x394f7a0

[25/02/2018 01:53:47] (Notice - virtual void ProtocolGame::parsePacket(NetworkMessage&)) PLAYER: Paulin sent unknown byte: 0x394f7a0

[25/02/2018 01:53:48] (Notice - virtual void ProtocolGame::parsePacket(NetworkMessage&)) PLAYER: Paulin sent unknown byte: 0x394f7a0

[25/02/2018 01:53:48] (Notice - virtual void ProtocolGame::parsePacket(NetworkMessage&)) PLAYER: Paulin sent unknown byte: 0x394f7a0

[25/02/2018 01:53:49] (Notice - virtual void ProtocolGame::parsePacket(NetworkMessage&)) PLAYER: Paulin sent unknown byte: 0x394f7a0

[25/02/2018 01:53:49] (Notice - virtual void ProtocolGame::parsePacket(NetworkMessage&)) PLAYER: Paulin sent unknown byte: 0x394f7a0

[25/02/2018 01:53:50] (Notice - virtual void ProtocolGame::parsePacket(NetworkMessage&)) PLAYER: Paulin sent unknown byte: 0x394f7a0

[25/02/2018 01:53:50] (Notice - virtual void ProtocolGame::parsePacket(NetworkMessage&)) PLAYER: Paulin sent unknown byte: 0x394f7a0

[25/02/2018 01:53:50] (Notice - virtual void ProtocolGame::parsePacket(NetworkMessage&)) PLAYER: Paulin sent unknown byte: 0x394f7a0

[25/02/2018 01:53:51] (Notice - virtual void ProtocolGame::parsePacket(NetworkMessage&)) PLAYER: Paulin sent unknown byte: 0x394f7a0

[25/02/2018 01:53:51] (Notice - virtual void ProtocolGame::parsePacket(NetworkMessage&)) PLAYER: Paulin sent unknown byte: 0x394f7a0

[25/02/2018 01:53:52] (Notice - virtual void ProtocolGame::parsePacket(NetworkMessage&)) PLAYER: Paulin sent unknown byte: 0x394f7a0

[25/02/2018 01:53:52] (Notice - virtual void ProtocolGame::parsePacket(NetworkMessage&)) PLAYER: Paulin sent unknown byte: 0x394f7a0

[25/02/2018 01:53:53] (Notice - virtual void ProtocolGame::parsePacket(NetworkMessage&)) PLAYER: Paulin sent unknown byte: 0x394f7a0

[25/02/2018 01:53:53] (Notice - virtual void ProtocolGame::parsePacket(NetworkMessage&)) PLAYER: Paulin sent unknown byte: 0x394f7a0

[25/02/2018 01:53:54] (Notice - virtual void ProtocolGame::parsePacket(NetworkMessage&)) PLAYER: Paulin sent unknown byte: 0x394f7a0

[25/02/2018 01:53:54] (Notice - virtual void ProtocolGame::parsePacket(NetworkMessage&)) PLAYER: Paulin sent unknown byte: 0x394f7a0

[25/02/2018 01:53:55] (Notice - virtual void ProtocolGame::parsePacket(NetworkMessage&)) PLAYER: Paulin sent unknown byte: 0x394f7a0

[25/02/2018 01:53:55] (Notice - virtual void ProtocolGame::parsePacket(NetworkMessage&)) PLAYER: Paulin sent unknown byte: 0x394f7a0

[25/02/2018 01:53:55] (Notice - virtual void ProtocolGame::parsePacket(NetworkMessage&)) PLAYER: Paulin sent unknown byte: 0x394f7a0

[25/02/2018 01:53:56] (Notice - virtual void ProtocolGame::parsePacket(NetworkMessage&)) PLAYER: Paulin sent unknown byte: 0x394f7a0

[25/02/2018 01:53:56] (Notice - virtual void ProtocolGame::parsePacket(NetworkMessage&)) PLAYER: Paulin sent unknown byte: 0x394f7a0

[25/02/2018 01:53:57] (Notice - virtual void ProtocolGame::parsePacket(NetworkMessage&)) PLAYER: Paulin sent unknown byte: 0x394f7a0

[25/02/2018 01:53:57] (Notice - virtual void ProtocolGame::parsePacket(NetworkMessage&)) PLAYER: Paulin sent unknown byte: 0x394f7a0

[25/02/2018 01:54:00] (Notice - virtual void ProtocolGame::parsePacket(NetworkMessage&)) PLAYER: Paulin sent unknown byte: 0x394f7a0

[27/03/2018 21:17:35] (Notice - virtual void ProtocolGame::parsePacket(NetworkMessage&)) PLAYER: Gabriel sent unknown byte: 0x38af790

[27/03/2018 21:17:47] (Notice - virtual void ProtocolGame::parsePacket(NetworkMessage&)) PLAYER: Gabriel sent unknown byte: 0x38af790

[27/03/2018 21:17:48] (Notice - virtual void ProtocolGame::parsePacket(NetworkMessage&)) PLAYER: Gabriel sent unknown byte: 0x38af790

[22/04/2018 23:35:40] (Notice - virtual void ProtocolGame::parsePacket(NetworkMessage&)) PLAYER: Skykyd sent unknown byte: 0x38df7a0

[22/04/2018 23:35:40] (Notice - virtual void ProtocolGame::parsePacket(NetworkMessage&)) PLAYER: Skykyd sent unknown byte: 0x38df7a0

[22/04/2018 23:35:42] (Notice - virtual void ProtocolGame::parsePacket(NetworkMessage&)) PLAYER: Skykyd sent unknown byte: 0x38df7a0

[22/04/2018 23:35:47] (Notice - virtual void ProtocolGame::parsePacket(NetworkMessage&)) PLAYER: Skykyd sent unknown byte: 0x38df7a0

[22/04/2018 23:35:57] (Notice - virtual void ProtocolGame::parsePacket(NetworkMessage&)) PLAYER: Skykyd sent unknown byte: 0x38df7a0

[22/04/2018 23:35:58] (Notice - virtual void ProtocolGame::parsePacket(NetworkMessage&)) PLAYER: Skykyd sent unknown byte: 0x38df7a0

[26/05/2018 01:24:17] (Notice - virtual void ProtocolGame::parsePacket(NetworkMessage&)) PLAYER: {ADM} Morduk sent unknown byte: 0x3a7f7a0

[26/05/2018 01:24:19] (Notice - virtual void ProtocolGame::parsePacket(NetworkMessage&)) PLAYER: {ADM} Morduk sent unknown byte: 0x3a7f7a0

[26/05/2018 01:24:20] (Notice - virtual void ProtocolGame::parsePacket(NetworkMessage&)) PLAYER: {ADM} Morduk sent unknown byte: 0x3a7f7a0

[26/05/2018 01:24:21] (Notice - virtual void ProtocolGame::parsePacket(NetworkMessage&)) PLAYER: {ADM} Morduk sent unknown byte: 0x3a7f7a0

[26/05/2018 01:24:22] (Notice - virtual void ProtocolGame::parsePacket(NetworkMessage&)) PLAYER: {ADM} Morduk sent unknown byte: 0x3a7f7a0

[26/05/2018 01:24:23] (Notice - virtual void ProtocolGame::parsePacket(NetworkMessage&)) PLAYER: {ADM} Morduk sent unknown byte: 0x3a7f7a0

[26/05/2018 01:24:23] (Notice - virtual void ProtocolGame::parsePacket(NetworkMessage&)) PLAYER: {ADM} Morduk sent unknown byte: 0x3a7f7a0

[26/05/2018 01:24:23] (Notice - virtual void ProtocolGame::parsePacket(NetworkMessage&)) PLAYER: {ADM} Morduk sent unknown byte: 0x3a7f7a0

[26/05/2018 01:24:23] (Notice - virtual void ProtocolGame::parsePacket(NetworkMessage&)) PLAYER: {ADM} Morduk sent unknown byte: 0x3a7f7a0

[26/05/2018 01:24:38] (Notice - virtual void ProtocolGame::parsePacket(NetworkMessage&)) PLAYER: {ADM} Morduk sent unknown byte: 0x3a7f7a0

[26/05/2018 01:24:38] (Notice - virtual void ProtocolGame::parsePacket(NetworkMessage&)) PLAYER: {ADM} Morduk sent unknown byte: 0x3a7f7a0

[26/05/2018 01:24:38] (Notice - virtual void ProtocolGame::parsePacket(NetworkMessage&)) PLAYER: {ADM} Morduk sent unknown byte: 0x3a7f7a0

[08/11/2018 21:38:17] (Notice - virtual void ProtocolGame::parsePacket(NetworkMessage&)) PLAYER: Noobzilo sent unknown byte: 0x39af790

[08/11/2018 21:38:17] (Notice - virtual void ProtocolGame::parsePacket(NetworkMessage&)) PLAYER: Noobzilo sent unknown byte: 0x39af790

[08/11/2018 21:38:17] (Notice - virtual void ProtocolGame::parsePacket(NetworkMessage&)) PLAYER: Noobzilo sent unknown byte: 0x39af790

[08/11/2018 21:38:19] (Notice - virtual void ProtocolGame::parsePacket(NetworkMessage&)) PLAYER: Noobzilo sent unknown byte: 0x39af790

[08/11/2018 21:38:19] (Notice - virtual void ProtocolGame::parsePacket(NetworkMessage&)) PLAYER: Noobzilo sent unknown byte: 0x39af790

[08/11/2018 21:38:19] (Notice - virtual void ProtocolGame::parsePacket(NetworkMessage&)) PLAYER: Noobzilo sent unknown byte: 0x39af790

[08/11/2018 21:38:19] (Notice - virtual void ProtocolGame::parsePacket(NetworkMessage&)) PLAYER: Noobzilo sent unknown byte: 0x39af790

[08/11/2018 21:38:20] (Notice - virtual void ProtocolGame::parsePacket(NetworkMessage&)) PLAYER: Noobzilo sent unknown byte: 0x39af790

[08/11/2018 21:38:20] (Notice - virtual void ProtocolGame::parsePacket(NetworkMessage&)) PLAYER: Noobzilo sent unknown byte: 0x39af790

[08/11/2018 21:38:20] (Notice - virtual void ProtocolGame::parsePacket(NetworkMessage&)) PLAYER: Noobzilo sent unknown byte: 0x39af790

[08/11/2018 21:38:20] (Notice - virtual void ProtocolGame::parsePacket(NetworkMessage&)) PLAYER: Noobzilo sent unknown byte: 0x39af790

[08/11/2018 21:38:21] (Notice - virtual void ProtocolGame::parsePacket(NetworkMessage&)) PLAYER: Noobzilo sent unknown byte: 0x39af790

[08/11/2018 21:38:21] (Notice - virtual void ProtocolGame::parsePacket(NetworkMessage&)) PLAYER: Noobzilo sent unknown byte: 0x39af790

[08/11/2018 21:38:21] (Notice - virtual void ProtocolGame::parsePacket(NetworkMessage&)) PLAYER: Noobzilo sent unknown byte: 0x39af790

[08/11/2018 21:38:21] (Notice - virtual void ProtocolGame::parsePacket(NetworkMessage&)) PLAYER: Noobzilo sent unknown byte: 0x39af790

[08/11/2018 21:38:21] (Notice - virtual void ProtocolGame::parsePacket(NetworkMessage&)) PLAYER: Noobzilo sent unknown byte: 0x39af790

[08/11/2018 21:38:21] (Notice - virtual void ProtocolGame::parsePacket(NetworkMessage&)) PLAYER: Noobzilo sent unknown byte: 0x39af790

[08/11/2018 21:38:21] (Notice - virtual void ProtocolGame::parsePacket(NetworkMessage&)) PLAYER: Noobzilo sent unknown byte: 0x39af790

[08/11/2018 21:38:21] (Notice - virtual void ProtocolGame::parsePacket(NetworkMessage&)) PLAYER: Noobzilo sent unknown byte: 0x39af790

[08/11/2018 21:38:21] (Notice - virtual void ProtocolGame::parsePacket(NetworkMessage&)) PLAYER: Noobzilo sent unknown byte: 0x39af790

[08/11/2018 21:38:21] (Notice - virtual void ProtocolGame::parsePacket(NetworkMessage&)) PLAYER: Noobzilo sent unknown byte: 0x39af790

[08/11/2018 21:38:21] (Notice - virtual void ProtocolGame::parsePacket(NetworkMessage&)) PLAYER: Noobzilo sent unknown byte: 0x39af790

[08/11/2018 21:38:21] (Notice - virtual void ProtocolGame::parsePacket(NetworkMessage&)) PLAYER: Noobzilo sent unknown byte: 0x39af790

[08/11/2018 21:38:23] (Notice - virtual void ProtocolGame::parsePacket(NetworkMessage&)) PLAYER: Noobzilo sent unknown byte: 0x39af790

[08/11/2018 21:38:24] (Notice - virtual void ProtocolGame::parsePacket(NetworkMessage&)) PLAYER: Noobzilo sent unknown byte: 0x39af790

[08/11/2018 21:38:24] (Notice - virtual void ProtocolGame::parsePacket(NetworkMessage&)) PLAYER: Noobzilo sent unknown byte: 0x39af790

[08/11/2018 21:38:24] (Notice - virtual void ProtocolGame::parsePacket(NetworkMessage&)) PLAYER: Noobzilo sent unknown byte: 0x39af790

[08/11/2018 21:38:24] (Notice - virtual void ProtocolGame::parsePacket(NetworkMessage&)) PLAYER: Noobzilo sent unknown byte: 0x39af790

[08/11/2018 21:38:24] (Notice - virtual void ProtocolGame::parsePacket(NetworkMessage&)) PLAYER: Noobzilo sent unknown byte: 0x39af790

[08/11/2018 21:38:24] (Notice - virtual void ProtocolGame::parsePacket(NetworkMessage&)) PLAYER: Noobzilo sent unknown byte: 0x39af790

[08/11/2018 21:38:25] (Notice - virtual void ProtocolGame::parsePacket(NetworkMessage&)) PLAYER: Noobzilo sent unknown byte: 0x39af790

[08/11/2018 21:38:25] (Notice - virtual void ProtocolGame::parsePacket(NetworkMessage&)) PLAYER: Noobzilo sent unknown byte: 0x39af790

[08/11/2018 21:38:43] (Notice - virtual void ProtocolGame::parsePacket(NetworkMessage&)) PLAYER: Noobzilo sent unknown byte: 0x39af790

[08/11/2018 21:38:43] (Notice - virtual void ProtocolGame::parsePacket(NetworkMessage&)) PLAYER: Noobzilo sent unknown byte: 0x39af790

[08/11/2018 21:38:44] (Notice - virtual void ProtocolGame::parsePacket(NetworkMessage&)) PLAYER: Noobzilo sent unknown byte: 0x39af790

[08/11/2018 21:38:45] (Notice - virtual void ProtocolGame::parsePacket(NetworkMessage&)) PLAYER: Noobzilo sent unknown byte: 0x39af790

[08/11/2018 21:38:45] (Notice - virtual void ProtocolGame::parsePacket(NetworkMessage&)) PLAYER: Noobzilo sent unknown byte: 0x39af790

[08/11/2018 21:38:45] (Notice - virtual void ProtocolGame::parsePacket(NetworkMessage&)) PLAYER: Noobzilo sent unknown byte: 0x39af790

[08/11/2018 21:38:45] (Notice - virtual void ProtocolGame::parsePacket(NetworkMessage&)) PLAYER: Noobzilo sent unknown byte: 0x39af790

[08/11/2018 21:38:45] (Notice - virtual void ProtocolGame::parsePacket(NetworkMessage&)) PLAYER: Noobzilo sent unknown byte: 0x39af790

[08/11/2018 21:38:45] (Notice - virtual void ProtocolGame::parsePacket(NetworkMessage&)) PLAYER: Noobzilo sent unknown byte: 0x39af790

[08/11/2018 21:38:46] (Notice - virtual void ProtocolGame::parsePacket(NetworkMessage&)) PLAYER: Noobzilo sent unknown byte: 0x39af790

[08/11/2018 21:38:46] (Notice - virtual void ProtocolGame::parsePacket(NetworkMessage&)) PLAYER: Noobzilo sent unknown byte: 0x39af790

[08/11/2018 21:38:46] (Notice - virtual void ProtocolGame::parsePacket(NetworkMessage&)) PLAYER: Noobzilo sent unknown byte: 0x39af790

[08/11/2018 21:38:47] (Notice - virtual void ProtocolGame::parsePacket(NetworkMessage&)) PLAYER: Noobzilo sent unknown byte: 0x39af790

[08/11/2018 21:38:48] (Notice - virtual void ProtocolGame::parsePacket(NetworkMessage&)) PLAYER: Noobzilo sent unknown byte: 0x39af790

[08/11/2018 21:38:49] (Notice - virtual void ProtocolGame::parsePacket(NetworkMessage&)) PLAYER: Noobzilo sent unknown byte: 0x39af790

[08/11/2018 21:38:51] (Notice - virtual void ProtocolGame::parsePacket(NetworkMessage&)) PLAYER: Noobzilo sent unknown byte: 0x39af790

[08/11/2018 21:38:52] (Notice - virtual void ProtocolGame::parsePacket(NetworkMessage&)) PLAYER: Noobzilo sent unknown byte: 0x39af790

[08/11/2018 21:38:57] (Notice - virtual void ProtocolGame::parsePacket(NetworkMessage&)) PLAYER: Noobzilo sent unknown byte: 0x39af790

[08/11/2018 21:39:09] (Notice - virtual void ProtocolGame::parsePacket(NetworkMessage&)) PLAYER: Noobzilo sent unknown byte: 0x39af790

[08/11/2018 21:39:10] (Notice - virtual void ProtocolGame::parsePacket(NetworkMessage&)) PLAYER: Noobzilo sent unknown byte: 0x39af790

[08/11/2018 21:39:10] (Notice - virtual void ProtocolGame::parsePacket(NetworkMessage&)) PLAYER: Noobzilo sent unknown byte: 0x39af790

[08/11/2018 21:39:11] (Notice - virtual void ProtocolGame::parsePacket(NetworkMessage&)) PLAYER: Noobzilo sent unknown byte: 0x39af790

[08/11/2018 21:39:14] (Notice - virtual void ProtocolGame::parsePacket(NetworkMessage&)) PLAYER: Noobzilo sent unknown byte: 0x39af790

[08/11/2018 21:40:02] (Notice - virtual void ProtocolGame::parsePacket(NetworkMessage&)) PLAYER: Noobzilo sent unknown byte: 0x39af790

[08/11/2018 21:40:02] (Notice - virtual void ProtocolGame::parsePacket(NetworkMessage&)) PLAYER: Noobzilo sent unknown byte: 0x39af790

[08/11/2018 21:40:03] (Notice - virtual void ProtocolGame::parsePacket(NetworkMessage&)) PLAYER: Noobzilo sent unknown byte: 0x39af790

[25/02/2019 22:50:54] (Notice - virtual void ProtocolGame::parsePacket(NetworkMessage&)) PLAYER: Johjoh sent unknown byte: 0x366f87c

[25/02/2019 22:50:54] (Notice - virtual void ProtocolGame::parsePacket(NetworkMessage&)) PLAYER: Ana Julia sent unknown byte: 0x366f87c

[25/02/2019 22:50:54] (Notice - virtual void ProtocolGame::parsePacket(NetworkMessage&)) PLAYER: Wesley Safadao sent unknown byte: 0x366f87c

[25/02/2019 22:50:55] (Notice - virtual void ProtocolGame::parsePacket(NetworkMessage&)) PLAYER: Johjoh sent unknown byte: 0x366f87c

[25/02/2019 22:50:56] (Notice - virtual void ProtocolGame::parsePacket(NetworkMessage&)) PLAYER: Wesley Safadao sent unknown byte: 0x366f87c

[25/02/2019 22:50:56] (Notice - virtual void ProtocolGame::parsePacket(NetworkMessage&)) PLAYER: Johjoh sent unknown byte: 0x366f87c

[25/02/2019 22:50:56] (Notice - virtual void ProtocolGame::parsePacket(NetworkMessage&)) PLAYER: Kanti sent unknown byte: 0x366f87c

[25/02/2019 22:50:58] (Notice - virtual void ProtocolGame::parsePacket(NetworkMessage&)) PLAYER: Kanti sent unknown byte: 0x366f87c

[25/02/2019 22:51:05] (Notice - virtual void ProtocolGame::parsePacket(NetworkMessage&)) PLAYER: Szicker sent unknown byte: 0x366f87c

[25/02/2019 22:51:09] (Notice - virtual void ProtocolGame::parsePacket(NetworkMessage&)) PLAYER: Ana Julia sent unknown byte: 0x366f87c

[25/02/2019 22:51:10] (Notice - virtual void ProtocolGame::parsePacket(NetworkMessage&)) PLAYER: Johjoh sent unknown byte: 0x366f87c

[25/02/2019 22:51:12] (Notice - virtual void ProtocolGame::parsePacket(NetworkMessage&)) PLAYER: Ana Julia sent unknown byte: 0x366f87c

[25/02/2019 22:51:13] (Notice - virtual void ProtocolGame::parsePacket(NetworkMessage&)) PLAYER: Johjoh sent unknown byte: 0x366f87c

[25/02/2019 22:51:16] (Notice - virtual void ProtocolGame::parsePacket(NetworkMessage&)) PLAYER: Ana Julia sent unknown byte: 0x366f87c

[25/02/2019 22:51:16] (Notice - virtual void ProtocolGame::parsePacket(NetworkMessage&)) PLAYER: Ana Julia sent unknown byte: 0x366f87c

[25/02/2019 22:51:18] (Notice - virtual void ProtocolGame::parsePacket(NetworkMessage&)) PLAYER: Wesley Safadao sent unknown byte: 0x366f87c

[25/02/2019 22:51:21] (Notice - virtual void ProtocolGame::parsePacket(NetworkMessage&)) PLAYER: Kanti sent unknown byte: 0x366f87c

[25/02/2019 22:51:21] (Notice - virtual void ProtocolGame::parsePacket(NetworkMessage&)) PLAYER: Johjoh sent unknown byte: 0x366f87c

[25/02/2019 22:51:23] (Notice - virtual void ProtocolGame::parsePacket(NetworkMessage&)) PLAYER: Wesley Safadao sent unknown byte: 0x366f87c

[25/02/2019 22:51:23] (Notice - virtual void ProtocolGame::parsePacket(NetworkMessage&)) PLAYER: Kanti sent unknown byte: 0x366f87c

[25/02/2019 22:51:25] (Notice - virtual void ProtocolGame::parsePacket(NetworkMessage&)) PLAYER: Szicker sent unknown byte: 0x366f87c

[25/02/2019 22:51:28] (Notice - virtual void ProtocolGame::parsePacket(NetworkMessage&)) PLAYER: Wesley Safadao sent unknown byte: 0x366f87c

[25/02/2019 22:51:34] (Notice - virtual void ProtocolGame::parsePacket(NetworkMessage&)) PLAYER: Kanti sent unknown byte: 0x366f87c

[25/02/2019 22:51:34] (Notice - virtual void ProtocolGame::parsePacket(NetworkMessage&)) PLAYER: Kanti sent unknown byte: 0x366f87c

[25/02/2019 22:51:35] (Notice - virtual void ProtocolGame::parsePacket(NetworkMessage&)) PLAYER: Kanti sent unknown byte: 0x366f87c

[25/02/2019 22:51:36] (Notice - virtual void ProtocolGame::parsePacket(NetworkMessage&)) PLAYER: Ana Julia sent unknown byte: 0x366f87c

[25/02/2019 22:51:45] (Notice - virtual void ProtocolGame::parsePacket(NetworkMessage&)) PLAYER: Kanti sent unknown byte: 0x366f87c

[25/02/2019 22:51:51] (Notice - virtual void ProtocolGame::parsePacket(NetworkMessage&)) PLAYER: Lokonoog sent unknown byte: 0x366f87c

[25/02/2019 22:51:51] (Notice - virtual void ProtocolGame::parsePacket(NetworkMessage&)) PLAYER: Onion sent unknown byte: 0x366f87c

[25/02/2019 22:51:51] (Notice - virtual void ProtocolGame::parsePacket(NetworkMessage&)) PLAYER: Bob Esponja sent unknown byte: 0x366f87c

[25/02/2019 22:51:51] (Notice - virtual void ProtocolGame::parsePacket(NetworkMessage&)) PLAYER: Lokonoog sent unknown byte: 0x366f87c

[25/02/2019 22:51:51] (Notice - virtual void ProtocolGame::parsePacket(NetworkMessage&)) PLAYER: Ana Julia sent unknown byte: 0x366f87c

[25/02/2019 22:51:52] (Notice - virtual void ProtocolGame::parsePacket(NetworkMessage&)) PLAYER: Bob Esponja sent unknown byte: 0x366f87c

[25/02/2019 22:51:52] (Notice - virtual void ProtocolGame::parsePacket(NetworkMessage&)) PLAYER: Johjoh sent unknown byte: 0x366f87c

[25/02/2019 22:51:52] (Notice - virtual void ProtocolGame::parsePacket(NetworkMessage&)) PLAYER: Aerodactyl sent unknown byte: 0x366f87c

[25/02/2019 22:51:52] (Notice - virtual void ProtocolGame::parsePacket(NetworkMessage&)) PLAYER: Stan sent unknown byte: 0x366f87c

[25/02/2019 22:51:52] (Notice - virtual void ProtocolGame::parsePacket(NetworkMessage&)) PLAYER: Onion sent unknown byte: 0x366f87c

[25/02/2019 22:51:53] (Notice - virtual void ProtocolGame::parsePacket(NetworkMessage&)) PLAYER: Aerodactyl sent unknown byte: 0x366f87c

[25/02/2019 22:51:53] (Notice - virtual void ProtocolGame::parsePacket(NetworkMessage&)) PLAYER: Johjoh sent unknown byte: 0x366f87c

[25/02/2019 22:51:53] (Notice - virtual void ProtocolGame::parsePacket(NetworkMessage&)) PLAYER: Aerodactyl sent unknown byte: 0x366f87c

[25/02/2019 22:51:53] (Notice - virtual void ProtocolGame::parsePacket(NetworkMessage&)) PLAYER: Aerodactyl sent unknown byte: 0x366f87c

[25/02/2019 22:51:53] (Notice - virtual void ProtocolGame::parsePacket(NetworkMessage&)) PLAYER: Johjoh sent unknown byte: 0x366f87c

[25/02/2019 22:51:53] (Notice - virtual void ProtocolGame::parsePacket(NetworkMessage&)) PLAYER: Aerodactyl sent unknown byte: 0x366f87c

[25/02/2019 22:51:53] (Notice - virtual void ProtocolGame::parsePacket(NetworkMessage&)) PLAYER: Aerodactyl sent unknown byte: 0x366f87c

[25/02/2019 22:51:53] (Notice - virtual void ProtocolGame::parsePacket(NetworkMessage&)) PLAYER: Johjoh sent unknown byte: 0x366f87c

[25/02/2019 22:51:53] (Notice - virtual void ProtocolGame::parsePacket(NetworkMessage&)) PLAYER: Stan sent unknown byte: 0x366f87c

[25/02/2019 22:51:53] (Notice - virtual void ProtocolGame::parsePacket(NetworkMessage&)) PLAYER: Aerodactyl sent unknown byte: 0x366f87c

[25/02/2019 22:51:53] (Notice - virtual void ProtocolGame::parsePacket(NetworkMessage&)) PLAYER: Bob Esponja sent unknown byte: 0x366f87c

[25/02/2019 22:51:53] (Notice - virtual void ProtocolGame::parsePacket(NetworkMessage&)) PLAYER: Lokonoog sent unknown byte: 0x366f87c

[25/02/2019 22:51:53] (Notice - virtual void ProtocolGame::parsePacket(NetworkMessage&)) PLAYER: Aerodactyl sent unknown byte: 0x366f87c

[25/02/2019 22:51:54] (Notice - virtual void ProtocolGame::parsePacket(NetworkMessage&)) PLAYER: Johjoh sent unknown byte: 0x366f87c

[25/02/2019 22:51:54] (Notice - virtual void ProtocolGame::parsePacket(NetworkMessage&)) PLAYER: Aerodactyl sent unknown byte: 0x366f87c

[25/02/2019 22:51:54] (Notice - virtual void ProtocolGame::parsePacket(NetworkMessage&)) PLAYER: Lokonoog sent unknown byte: 0x366f87c

[25/02/2019 22:51:54] (Notice - virtual void ProtocolGame::parsePacket(NetworkMessage&)) PLAYER: Aerodactyl sent unknown byte: 0x366f87c

[25/02/2019 22:51:54] (Notice - virtual void ProtocolGame::parsePacket(NetworkMessage&)) PLAYER: Lokonoog sent unknown byte: 0x366f87c

[25/02/2019 22:51:54] (Notice - virtual void ProtocolGame::parsePacket(NetworkMessage&)) PLAYER: Aerodactyl sent unknown byte: 0x366f87c

[25/02/2019 22:51:54] (Notice - virtual void ProtocolGame::parsePacket(NetworkMessage&)) PLAYER: Johjoh sent unknown byte: 0x366f87c

[25/02/2019 22:51:54] (Notice - virtual void ProtocolGame::parsePacket(NetworkMessage&)) PLAYER: Lokonoog sent unknown byte: 0x366f87c

[25/02/2019 22:51:54] (Notice - virtual void ProtocolGame::parsePacket(NetworkMessage&)) PLAYER: Aerodactyl sent unknown byte: 0x366f87c

[25/02/2019 22:51:54] (Notice - virtual void ProtocolGame::parsePacket(NetworkMessage&)) PLAYER: Aerodactyl sent unknown byte: 0x366f87c

[25/02/2019 22:51:54] (Notice - virtual void ProtocolGame::parsePacket(NetworkMessage&)) PLAYER: Johjoh sent unknown byte: 0x366f87c

[25/02/2019 22:51:54] (Notice - virtual void ProtocolGame::parsePacket(NetworkMessage&)) PLAYER: Aerodactyl sent unknown byte: 0x366f87c

[25/02/2019 22:51:54] (Notice - virtual void ProtocolGame::parsePacket(NetworkMessage&)) PLAYER: Bob Esponja sent unknown byte: 0x366f87c

[25/02/2019 22:51:54] (Notice - virtual void ProtocolGame::parsePacket(NetworkMessage&)) PLAYER: Aerodactyl sent unknown byte: 0x366f87c

[25/02/2019 22:51:55] (Notice - virtual void ProtocolGame::parsePacket(NetworkMessage&)) PLAYER: Johjoh sent unknown byte: 0x366f87c

[25/02/2019 22:51:55] (Notice - virtual void ProtocolGame::parsePacket(NetworkMessage&)) PLAYER: Aerodactyl sent unknown byte: 0x366f87c

[25/02/2019 22:51:55] (Notice - virtual void ProtocolGame::parsePacket(NetworkMessage&)) PLAYER: Onion sent unknown byte: 0x366f87c

[25/02/2019 22:51:55] (Notice - virtual void ProtocolGame::parsePacket(NetworkMessage&)) PLAYER: Aerodactyl sent unknown byte: 0x366f87c

[25/02/2019 22:51:55] (Notice - virtual void ProtocolGame::parsePacket(NetworkMessage&)) PLAYER: Johjoh sent unknown byte: 0x366f87c

[25/02/2019 22:51:55] (Notice - virtual void ProtocolGame::parsePacket(NetworkMessage&)) PLAYER: Aerodactyl sent unknown byte: 0x366f87c

[25/02/2019 22:51:55] (Notice - virtual void ProtocolGame::parsePacket(NetworkMessage&)) PLAYER: Aerodactyl sent unknown byte: 0x366f87c

[25/02/2019 22:51:55] (Notice - virtual void ProtocolGame::parsePacket(NetworkMessage&)) PLAYER: Johjoh sent unknown byte: 0x366f87c

[25/02/2019 22:51:55] (Notice - virtual void ProtocolGame::parsePacket(NetworkMessage&)) PLAYER: Aerodactyl sent unknown byte: 0x366f87c

[25/02/2019 22:51:55] (Notice - virtual void ProtocolGame::parsePacket(NetworkMessage&)) PLAYER: Aerodactyl sent unknown byte: 0x366f87c

[25/02/2019 22:51:55] (Notice - virtual void ProtocolGame::parsePacket(NetworkMessage&)) PLAYER: Johjoh sent unknown byte: 0x366f87c

[25/02/2019 22:51:56] (Notice - virtual void ProtocolGame::parsePacket(NetworkMessage&)) PLAYER: Aerodactyl sent unknown byte: 0x366f87c

[25/02/2019 22:51:56] (Notice - virtual void ProtocolGame::parsePacket(NetworkMessage&)) PLAYER: Aerodactyl sent unknown byte: 0x366f87c

[25/02/2019 22:51:56] (Notice - virtual void ProtocolGame::parsePacket(NetworkMessage&)) PLAYER: Johjoh sent unknown byte: 0x366f87c

[25/02/2019 22:51:56] (Notice - virtual void ProtocolGame::parsePacket(NetworkMessage&)) PLAYER: Aerodactyl sent unknown byte: 0x366f87c

[25/02/2019 22:51:56] (Notice - virtual void ProtocolGame::parsePacket(NetworkMessage&)) PLAYER: Bob Esponja sent unknown byte: 0x366f87c

[25/02/2019 22:51:56] (Notice - virtual void ProtocolGame::parsePacket(NetworkMessage&)) PLAYER: Aerodactyl sent unknown byte: 0x366f87c

[25/02/2019 22:51:56] (Notice - virtual void ProtocolGame::parsePacket(NetworkMessage&)) PLAYER: Johjoh sent unknown byte: 0x366f87c

[25/02/2019 22:51:56] (Notice - virtual void ProtocolGame::parsePacket(NetworkMessage&)) PLAYER: Aerodactyl sent unknown byte: 0x366f87c

[25/02/2019 22:51:56] (Notice - virtual void ProtocolGame::parsePacket(NetworkMessage&)) PLAYER: Aerodactyl sent unknown byte: 0x366f87c

[25/02/2019 22:51:57] (Notice - virtual void ProtocolGame::parsePacket(NetworkMessage&)) PLAYER: Aerodactyl sent unknown byte: 0x366f87c

[25/02/2019 22:51:57] (Notice - virtual void ProtocolGame::parsePacket(NetworkMessage&)) PLAYER: Bob Esponja sent unknown byte: 0x366f87c

[25/02/2019 22:51:57] (Notice - virtual void ProtocolGame::parsePacket(NetworkMessage&)) PLAYER: Johjoh sent unknown byte: 0x366f87c

[25/02/2019 22:51:57] (Notice - virtual void ProtocolGame::parsePacket(NetworkMessage&)) PLAYER: Aerodactyl sent unknown byte: 0x366f87c

[25/02/2019 22:51:57] (Notice - virtual void ProtocolGame::parsePacket(NetworkMessage&)) PLAYER: Aerodactyl sent unknown byte: 0x366f87c

[25/02/2019 22:51:57] (Notice - virtual void ProtocolGame::parsePacket(NetworkMessage&)) PLAYER: Bob Esponja sent unknown byte: 0x366f87c

[25/02/2019 22:51:57] (Notice - virtual void ProtocolGame::parsePacket(NetworkMessage&)) PLAYER: Johjoh sent unknown byte: 0x366f87c

[25/02/2019 22:51:58] (Notice - virtual void ProtocolGame::parsePacket(NetworkMessage&)) PLAYER: Aerodactyl sent unknown byte: 0x366f87c

[25/02/2019 22:51:58] (Notice - virtual void ProtocolGame::parsePacket(NetworkMessage&)) PLAYER: Aerodactyl sent unknown byte: 0x366f87c

[25/02/2019 22:51:58] (Notice - virtual void ProtocolGame::parsePacket(NetworkMessage&)) PLAYER: Stan sent unknown byte: 0x366f87c

[25/02/2019 22:51:58] (Notice - virtual void ProtocolGame::parsePacket(NetworkMessage&)) PLAYER: Stan sent unknown byte: 0x366f87c

[25/02/2019 22:51:58] (Notice - virtual void ProtocolGame::parsePacket(NetworkMessage&)) PLAYER: Stan sent unknown byte: 0x366f87c

[25/02/2019 22:51:58] (Notice - virtual void ProtocolGame::parsePacket(NetworkMessage&)) PLAYER: Aerodactyl sent unknown byte: 0x366f87c

[25/02/2019 22:51:58] (Notice - virtual void ProtocolGame::parsePacket(NetworkMessage&)) PLAYER: Aerodactyl sent unknown byte: 0x366f87c

[25/02/2019 22:51:58] (Notice - virtual void ProtocolGame::parsePacket(NetworkMessage&)) PLAYER: Aerodactyl sent unknown byte: 0x366f87c

[25/02/2019 22:51:58] (Notice - virtual void ProtocolGame::parsePacket(NetworkMessage&)) PLAYER: Aerodactyl sent unknown byte: 0x366f87c

[25/02/2019 22:51:58] (Notice - virtual void ProtocolGame::parsePacket(NetworkMessage&)) PLAYER: Aerodactyl sent unknown byte: 0x366f87c

[25/02/2019 22:51:59] (Notice - virtual void ProtocolGame::parsePacket(NetworkMessage&)) PLAYER: Stan sent unknown byte: 0x366f87c

[25/02/2019 22:51:59] (Notice - virtual void ProtocolGame::parsePacket(NetworkMessage&)) PLAYER: Aerodactyl sent unknown byte: 0x366f87c

[25/02/2019 22:51:59] (Notice - virtual void ProtocolGame::parsePacket(NetworkMessage&)) PLAYER: Stan sent unknown byte: 0x366f87c

[25/02/2019 22:51:59] (Notice - virtual void ProtocolGame::parsePacket(NetworkMessage&)) PLAYER: Aerodactyl sent unknown byte: 0x366f87c

[25/02/2019 22:51:59] (Notice - virtual void ProtocolGame::parsePacket(NetworkMessage&)) PLAYER: Aerodactyl sent unknown byte: 0x366f87c

[25/02/2019 22:51:59] (Notice - virtual void ProtocolGame::parsePacket(NetworkMessage&)) PLAYER: Aerodactyl sent unknown byte: 0x366f87c

[25/02/2019 22:51:59] (Notice - virtual void ProtocolGame::parsePacket(NetworkMessage&)) PLAYER: Bob Esponja sent unknown byte: 0x366f87c

[25/02/2019 22:51:59] (Notice - virtual void ProtocolGame::parsePacket(NetworkMessage&)) PLAYER: Aerodactyl sent unknown byte: 0x366f87c

[25/02/2019 22:51:59] (Notice - virtual void ProtocolGame::parsePacket(NetworkMessage&)) PLAYER: Aerodactyl sent unknown byte: 0x366f87c

[25/02/2019 22:52:00] (Notice - virtual void ProtocolGame::parsePacket(NetworkMessage&)) PLAYER: Aerodactyl sent unknown byte: 0x366f87c

[25/02/2019 22:52:00] (Notice - virtual void ProtocolGame::parsePacket(NetworkMessage&)) PLAYER: Aerodactyl sent unknown byte: 0x366f87c

[25/02/2019 22:52:00] (Notice - virtual void ProtocolGame::parsePacket(NetworkMessage&)) PLAYER: Aerodactyl sent unknown byte: 0x366f87c

[25/02/2019 22:52:01] (Notice - virtual void ProtocolGame::parsePacket(NetworkMessage&)) PLAYER: Aerodactyl sent unknown byte: 0x366f87c

[25/02/2019 22:52:01] (Notice - virtual void ProtocolGame::parsePacket(NetworkMessage&)) PLAYER: Aerodactyl sent unknown byte: 0x366f87c

[25/02/2019 22:52:01] (Notice - virtual void ProtocolGame::parsePacket(NetworkMessage&)) PLAYER: Aerodactyl sent unknown byte: 0x366f87c

[25/02/2019 22:52:01] (Notice - virtual void ProtocolGame::parsePacket(NetworkMessage&)) PLAYER: Aerodactyl sent unknown byte: 0x366f87c

[25/02/2019 22:52:01] (Notice - virtual void ProtocolGame::parsePacket(NetworkMessage&)) PLAYER: Johjoh sent unknown byte: 0x366f87c

[25/02/2019 22:52:01] (Notice - virtual void ProtocolGame::parsePacket(NetworkMessage&)) PLAYER: Aerodactyl sent unknown byte: 0x366f87c

[25/02/2019 22:52:02] (Notice - virtual void ProtocolGame::parsePacket(NetworkMessage&)) PLAYER: Johjoh sent unknown byte: 0x366f87c

[25/02/2019 22:52:02] (Notice - virtual void ProtocolGame::parsePacket(NetworkMessage&)) PLAYER: Bob Esponja sent unknown byte: 0x366f87c

[25/02/2019 22:52:03] (Notice - virtual void ProtocolGame::parsePacket(NetworkMessage&)) PLAYER: Johjoh sent unknown byte: 0x366f87c

[25/02/2019 22:52:03] (Notice - virtual void ProtocolGame::parsePacket(NetworkMessage&)) PLAYER: Kanti sent unknown byte: 0x366f87c

[25/02/2019 22:52:03] (Notice - virtual void ProtocolGame::parsePacket(NetworkMessage&)) PLAYER: Stan sent unknown byte: 0x366f87c

[25/02/2019 22:52:03] (Notice - virtual void ProtocolGame::parsePacket(NetworkMessage&)) PLAYER: Szicker sent unknown byte: 0x366f87c

[25/02/2019 22:52:04] (Notice - virtual void ProtocolGame::parsePacket(NetworkMessage&)) PLAYER: [ADM] Morduk sent unknown byte: 0x366f87c

[25/02/2019 22:52:04] (Notice - virtual void ProtocolGame::parsePacket(NetworkMessage&)) PLAYER: Szicker sent unknown byte: 0x366f87c

[25/02/2019 22:52:04] (Notice - virtual void ProtocolGame::parsePacket(NetworkMessage&)) PLAYER: Szicker sent unknown byte: 0x366f87c

[25/02/2019 22:52:04] (Notice - virtual void ProtocolGame::parsePacket(NetworkMessage&)) PLAYER: Szicker sent unknown byte: 0x366f87c

[25/02/2019 22:52:05] (Notice - virtual void ProtocolGame::parsePacket(NetworkMessage&)) PLAYER: Johjoh sent unknown byte: 0x366f87c

[25/02/2019 22:52:05] (Notice - virtual void ProtocolGame::parsePacket(NetworkMessage&)) PLAYER: Szicker sent unknown byte: 0x366f87c

[25/02/2019 22:52:05] (Notice - virtual void ProtocolGame::parsePacket(NetworkMessage&)) PLAYER: Szicker sent unknown byte: 0x366f87c

[25/02/2019 22:52:06] (Notice - virtual void ProtocolGame::parsePacket(NetworkMessage&)) PLAYER: Szicker sent unknown byte: 0x366f87c

[25/02/2019 22:52:07] (Notice - virtual void ProtocolGame::parsePacket(NetworkMessage&)) PLAYER: Szicker sent unknown byte: 0x366f87c

[25/02/2019 22:52:09] (Notice - virtual void ProtocolGame::parsePacket(NetworkMessage&)) PLAYER: Bob Esponja sent unknown byte: 0x366f87c

[25/02/2019 22:52:09] (Notice - virtual void ProtocolGame::parsePacket(NetworkMessage&)) PLAYER: Kanti sent unknown byte: 0x366f87c

[25/02/2019 22:52:16] (Notice - virtual void ProtocolGame::parsePacket(NetworkMessage&)) PLAYER: Pegaeuzinho sent unknown byte: 0x366f87c

[25/02/2019 22:52:16] (Notice - virtual void ProtocolGame::parsePacket(NetworkMessage&)) PLAYER: Szicker sent unknown byte: 0x366f87c

[25/02/2019 22:52:21] (Notice - virtual void ProtocolGame::parsePacket(NetworkMessage&)) PLAYER: Aerodactyl sent unknown byte: 0x366f87c

[25/02/2019 22:52:21] (Notice - virtual void ProtocolGame::parsePacket(NetworkMessage&)) PLAYER: Aerodactyl sent unknown byte: 0x366f87c

[25/02/2019 22:52:21] (Notice - virtual void ProtocolGame::parsePacket(NetworkMessage&)) PLAYER: Aerodactyl sent unknown byte: 0x366f87c

[25/02/2019 22:52:23] (Notice - virtual void ProtocolGame::parsePacket(NetworkMessage&)) PLAYER: Szicker sent unknown byte: 0x366f87c

[25/02/2019 22:52:24] (Notice - virtual void ProtocolGame::parsePacket(NetworkMessage&)) PLAYER: Aerodactyl sent unknown byte: 0x366f87c

[25/02/2019 22:52:27] (Notice - virtual void ProtocolGame::parsePacket(NetworkMessage&)) PLAYER: Bob Esponja sent unknown byte: 0x366f87c

[25/02/2019 22:52:29] (Notice - virtual void ProtocolGame::parsePacket(NetworkMessage&)) PLAYER: Bob Esponja sent unknown byte: 0x366f87c

[25/02/2019 22:52:30] (Notice - virtual void ProtocolGame::parsePacket(NetworkMessage&)) PLAYER: Bob Esponja sent unknown byte: 0x366f87c

[25/02/2019 22:52:32] (Notice - virtual void ProtocolGame::parsePacket(NetworkMessage&)) PLAYER: Szicker sent unknown byte: 0x366f87c

[25/02/2019 22:52:32] (Notice - virtual void ProtocolGame::parsePacket(NetworkMessage&)) PLAYER: Bob Esponja sent unknown byte: 0x366f87c

[25/02/2019 22:52:34] (Notice - virtual void ProtocolGame::parsePacket(NetworkMessage&)) PLAYER: Kanti sent unknown byte: 0x366f87c

[25/02/2019 22:52:35] (Notice - virtual void ProtocolGame::parsePacket(NetworkMessage&)) PLAYER: Bob Esponja sent unknown byte: 0x366f87c

[25/02/2019 22:52:37] (Notice - virtual void ProtocolGame::parsePacket(NetworkMessage&)) PLAYER: Bob Esponja sent unknown byte: 0x366f87c

[25/02/2019 22:52:40] (Notice - virtual void ProtocolGame::parsePacket(NetworkMessage&)) PLAYER: Stan sent unknown byte: 0x366f87c

[25/02/2019 22:52:40] (Notice - virtual void ProtocolGame::parsePacket(NetworkMessage&)) PLAYER: Ana Julia sent unknown byte: 0x366f87c

[25/02/2019 22:52:40] (Notice - virtual void ProtocolGame::parsePacket(NetworkMessage&)) PLAYER: Ana Julia sent unknown byte: 0x366f87c

[25/02/2019 22:52:40] (Notice - virtual void ProtocolGame::parsePacket(NetworkMessage&)) PLAYER: Ana Julia sent unknown byte: 0x366f87c

[25/02/2019 22:52:40] (Notice - virtual void ProtocolGame::parsePacket(NetworkMessage&)) PLAYER: Ana Julia sent unknown byte: 0x366f87c

[25/02/2019 22:52:40] (Notice - virtual void ProtocolGame::parsePacket(NetworkMessage&)) PLAYER: Ana Julia sent unknown byte: 0x366f87c

[25/02/2019 22:52:40] (Notice - virtual void ProtocolGame::parsePacket(NetworkMessage&)) PLAYER: Ana Julia sent unknown byte: 0x366f87c

[25/02/2019 22:52:41] (Notice - virtual void ProtocolGame::parsePacket(NetworkMessage&)) PLAYER: Ana Julia sent unknown byte: 0x366f87c

[25/02/2019 22:52:41] (Notice - virtual void ProtocolGame::parsePacket(NetworkMessage&)) PLAYER: Ana Julia sent unknown byte: 0x366f87c

[25/02/2019 22:52:41] (Notice - virtual void ProtocolGame::parsePacket(NetworkMessage&)) PLAYER: Ana Julia sent unknown byte: 0x366f87c

[25/02/2019 22:52:41] (Notice - virtual void ProtocolGame::parsePacket(NetworkMessage&)) PLAYER: Ana Julia sent unknown byte: 0x366f87c

[25/02/2019 22:52:41] (Notice - virtual void ProtocolGame::parsePacket(NetworkMessage&)) PLAYER: Ana Julia sent unknown byte: 0x366f87c

[25/02/2019 22:52:42] (Notice - virtual void ProtocolGame::parsePacket(NetworkMessage&)) PLAYER: Ana Julia sent unknown byte: 0x366f87c

[25/02/2019 22:52:42] (Notice - virtual void ProtocolGame::parsePacket(NetworkMessage&)) PLAYER: Ana Julia sent unknown byte: 0x366f87c

[25/02/2019 22:52:42] (Notice - virtual void ProtocolGame::parsePacket(NetworkMessage&)) PLAYER: Ana Julia sent unknown byte: 0x366f87c

[25/02/2019 22:52:43] (Notice - virtual void ProtocolGame::parsePacket(NetworkMessage&)) PLAYER: Ana Julia sent unknown byte: 0x366f87c

[25/02/2019 22:52:43] (Notice - virtual void ProtocolGame::parsePacket(NetworkMessage&)) PLAYER: Ana Julia sent unknown byte: 0x366f87c

[25/02/2019 22:52:45] (Notice - virtual void ProtocolGame::parsePacket(NetworkMessage&)) PLAYER: Stan sent unknown byte: 0x366f87c

[25/02/2019 22:52:45] (Notice - virtual void ProtocolGame::parsePacket(NetworkMessage&)) PLAYER: Ana Julia sent unknown byte: 0x366f87c

[25/02/2019 22:52:45] (Notice - virtual void ProtocolGame::parsePacket(NetworkMessage&)) PLAYER: Szicker sent unknown byte: 0x366f87c

[25/02/2019 22:52:46] (Notice - virtual void ProtocolGame::parsePacket(NetworkMessage&)) PLAYER: Stan sent unknown byte: 0x366f87c

[25/02/2019 22:52:47] (Notice - virtual void ProtocolGame::parsePacket(NetworkMessage&)) PLAYER: Ana Julia sent unknown byte: 0x366f87c

[25/02/2019 22:52:50] (Notice - virtual void ProtocolGame::parsePacket(NetworkMessage&)) PLAYER: Onion sent unknown byte: 0x366f87c

[25/02/2019 22:52:52] (Notice - virtual void ProtocolGame::parsePacket(NetworkMessage&)) PLAYER: Szicker sent unknown byte: 0x366f87c

[25/02/2019 22:52:59] (Notice - virtual void ProtocolGame::parsePacket(NetworkMessage&)) PLAYER: Szicker sent unknown byte: 0x366f87c

[25/02/2019 22:53:22] (Notice - virtual void ProtocolGame::parsePacket(NetworkMessage&)) PLAYER: [ADM] Morduk sent unknown byte: 0x366f87c

[25/02/2019 22:53:23] (Notice - virtual void ProtocolGame::parsePacket(NetworkMessage&)) PLAYER: Lokonoog sent unknown byte: 0x366f87c

[25/02/2019 22:53:23] (Notice - virtual void ProtocolGame::parsePacket(NetworkMessage&)) PLAYER: Ana Julia sent unknown byte: 0x366f87c

[25/02/2019 22:53:23] (Notice - virtual void ProtocolGame::parsePacket(NetworkMessage&)) PLAYER: [ADM] Morduk sent unknown byte: 0x366f87c

[25/02/2019 22:53:23] (Notice - virtual void ProtocolGame::parsePacket(NetworkMessage&)) PLAYER: Stan sent unknown byte: 0x366f87c

[25/02/2019 22:53:23] (Notice - virtual void ProtocolGame::parsePacket(NetworkMessage&)) PLAYER: Bob Esponja sent unknown byte: 0x366f87c

[25/02/2019 22:53:23] (Notice - virtual void ProtocolGame::parsePacket(NetworkMessage&)) PLAYER: Smash tibia sent unknown byte: 0x366f87c

[25/02/2019 22:53:23] (Notice - virtual void ProtocolGame::parsePacket(NetworkMessage&)) PLAYER: Kanti sent unknown byte: 0x366f87c

[25/02/2019 22:53:23] (Notice - virtual void ProtocolGame::parsePacket(NetworkMessage&)) PLAYER: Stan sent unknown byte: 0x366f87c

[25/02/2019 22:53:23] (Notice - virtual void ProtocolGame::parsePacket(NetworkMessage&)) PLAYER: Pegaeuzinho sent unknown byte: 0x366f87c

[25/02/2019 22:53:23] (Notice - virtual void ProtocolGame::parsePacket(NetworkMessage&)) PLAYER: Bob Esponja sent unknown byte: 0x366f87c

[25/02/2019 22:53:23] (Notice - virtual void ProtocolGame::parsePacket(NetworkMessage&)) PLAYER: Kanti sent unknown byte: 0x366f87c

[25/02/2019 22:53:23] (Notice - virtual void ProtocolGame::parsePacket(NetworkMessage&)) PLAYER: Onion sent unknown byte: 0x366f87c

[25/02/2019 22:53:23] (Notice - virtual void ProtocolGame::parsePacket(NetworkMessage&)) PLAYER: Otaku king sent unknown byte: 0x366f87c

[25/02/2019 22:53:23] (Notice - virtual void ProtocolGame::parsePacket(NetworkMessage&)) PLAYER: Kanti sent unknown byte: 0x366f87c

[25/02/2019 22:53:23] (Notice - virtual void ProtocolGame::parsePacket(NetworkMessage&)) PLAYER: Onion sent unknown byte: 0x366f87c

[25/02/2019 22:53:23] (Notice - virtual void ProtocolGame::parsePacket(NetworkMessage&)) PLAYER: Kanti sent unknown byte: 0x366f87c

[25/02/2019 22:53:23] (Notice - virtual void ProtocolGame::parsePacket(NetworkMessage&)) PLAYER: Bob Esponja sent unknown byte: 0x366f87c

[25/02/2019 22:53:25] (Notice - virtual void ProtocolGame::parsePacket(NetworkMessage&)) PLAYER: Kanti sent unknown byte: 0x366f87c

[25/02/2019 22:53:25] (Notice - virtual void ProtocolGame::parsePacket(NetworkMessage&)) PLAYER: Ana Julia sent unknown byte: 0x366f87c

[25/02/2019 22:53:25] (Notice - virtual void ProtocolGame::parsePacket(NetworkMessage&)) PLAYER: Otaku king sent unknown byte: 0x366f87c

[25/02/2019 22:53:25] (Notice - virtual void ProtocolGame::parsePacket(NetworkMessage&)) PLAYER: Bob Esponja sent unknown byte: 0x366f87c

[25/02/2019 22:53:25] (Notice - virtual void ProtocolGame::parsePacket(NetworkMessage&)) PLAYER: Stan sent unknown byte: 0x366f87c

[25/02/2019 22:53:25] (Notice - virtual void ProtocolGame::parsePacket(NetworkMessage&)) PLAYER: Ana Julia sent unknown byte: 0x366f87c

[25/02/2019 22:53:25] (Notice - virtual void ProtocolGame::parsePacket(NetworkMessage&)) PLAYER: Otaku king sent unknown byte: 0x366f87c

[25/02/2019 22:53:25] (Notice - virtual void ProtocolGame::parsePacket(NetworkMessage&)) PLAYER: Ana Julia sent unknown byte: 0x366f87c

[25/02/2019 22:53:25] (Notice - virtual void ProtocolGame::parsePacket(NetworkMessage&)) PLAYER: Otaku king sent unknown byte: 0x366f87c

[25/02/2019 22:53:25] (Notice - virtual void ProtocolGame::parsePacket(NetworkMessage&)) PLAYER: Otaku king sent unknown byte: 0x366f87c

[25/02/2019 22:53:26] (Notice - virtual void ProtocolGame::parsePacket(NetworkMessage&)) PLAYER: Smash tibia sent unknown byte: 0x366f87c

[25/02/2019 22:53:26] (Notice - virtual void ProtocolGame::parsePacket(NetworkMessage&)) PLAYER: Otaku king sent unknown byte: 0x366f87c

[25/02/2019 22:53:26] (Notice - virtual void ProtocolGame::parsePacket(NetworkMessage&)) PLAYER: Otaku king sent unknown byte: 0x366f87c

[25/02/2019 22:53:26] (Notice - virtual void ProtocolGame::parsePacket(NetworkMessage&)) PLAYER: Bob Esponja sent unknown byte: 0x366f87c

[25/02/2019 22:53:27] (Notice - virtual void ProtocolGame::parsePacket(NetworkMessage&)) PLAYER: Smash tibia sent unknown byte: 0x366f87c

[25/02/2019 22:53:27] (Notice - virtual void ProtocolGame::parsePacket(NetworkMessage&)) PLAYER: Smash tibia sent unknown byte: 0x366f87c

[25/02/2019 22:53:27] (Notice - virtual void ProtocolGame::parsePacket(NetworkMessage&)) PLAYER: Ana Julia sent unknown byte: 0x366f87c

[25/02/2019 22:53:27] (Notice - virtual void ProtocolGame::parsePacket(NetworkMessage&)) PLAYER: Lokonoog sent unknown byte: 0x366f87c

[25/02/2019 22:53:27] (Notice - virtual void ProtocolGame::parsePacket(NetworkMessage&)) PLAYER: Ana Julia sent unknown byte: 0x366f87c

[25/02/2019 22:53:28] (Notice - virtual void ProtocolGame::parsePacket(NetworkMessage&)) PLAYER: Lokonoog sent unknown byte: 0x366f87c

[25/02/2019 22:53:28] (Notice - virtual void ProtocolGame::parsePacket(NetworkMessage&)) PLAYER: Otaku king sent unknown byte: 0x366f87c

[25/02/2019 22:53:28] (Notice - virtual void ProtocolGame::parsePacket(NetworkMessage&)) PLAYER: Pegaeuzinho sent unknown byte: 0x366f87c

[25/02/2019 22:53:28] (Notice - virtual void ProtocolGame::parsePacket(NetworkMessage&)) PLAYER: Otaku king sent unknown byte: 0x366f87c

[25/02/2019 22:53:28] (Notice - virtual void ProtocolGame::parsePacket(NetworkMessage&)) PLAYER: Pegaeuzinho sent unknown byte: 0x366f87c

[25/02/2019 22:53:28] (Notice - virtual void ProtocolGame::parsePacket(NetworkMessage&)) PLAYER: Pegaeuzinho sent unknown byte: 0x366f87c

[25/02/2019 22:53:29] (Notice - virtual void ProtocolGame::parsePacket(NetworkMessage&)) PLAYER: Otaku king sent unknown byte: 0x366f87c

[25/02/2019 22:53:29] (Notice - virtual void ProtocolGame::parsePacket(NetworkMessage&)) PLAYER: Bob Esponja sent unknown byte: 0x366f87c

[25/02/2019 22:53:29] (Notice - virtual void ProtocolGame::parsePacket(NetworkMessage&)) PLAYER: Smash tibia sent unknown byte: 0x366f87c

[25/02/2019 22:53:30] (Notice - virtual void ProtocolGame::parsePacket(NetworkMessage&)) PLAYER: Kanti sent unknown byte: 0x366f87c

[25/02/2019 22:53:32] (Notice - virtual void ProtocolGame::parsePacket(NetworkMessage&)) PLAYER: Smash tibia sent unknown byte: 0x366f87c

[25/02/2019 22:53:32] (Notice - virtual void ProtocolGame::parsePacket(NetworkMessage&)) PLAYER: Otaku king sent unknown byte: 0x366f87c

[25/02/2019 22:53:32] (Notice - virtual void ProtocolGame::parsePacket(NetworkMessage&)) PLAYER: Pegaeuzinho sent unknown byte: 0x366f87c

[25/02/2019 22:53:33] (Notice - virtual void ProtocolGame::parsePacket(NetworkMessage&)) PLAYER: Otaku king sent unknown byte: 0x366f87c

[25/02/2019 22:53:33] (Notice - virtual void ProtocolGame::parsePacket(NetworkMessage&)) PLAYER: Otaku king sent unknown byte: 0x366f87c

[25/02/2019 22:53:33] (Notice - virtual void ProtocolGame::parsePacket(NetworkMessage&)) PLAYER: Otaku king sent unknown byte: 0x366f87c

[25/02/2019 22:53:34] (Notice - virtual void ProtocolGame::parsePacket(NetworkMessage&)) PLAYER: Otaku king sent unknown byte: 0x366f87c

[25/02/2019 22:53:34] (Notice - virtual void ProtocolGame::parsePacket(NetworkMessage&)) PLAYER: Otaku king sent unknown byte: 0x366f87c

[25/02/2019 22:53:36] (Notice - virtual void ProtocolGame::parsePacket(NetworkMessage&)) PLAYER: Ana Julia sent unknown byte: 0x366f87c

[25/02/2019 22:53:37] (Notice - virtual void ProtocolGame::parsePacket(NetworkMessage&)) PLAYER: Ana Julia sent unknown byte: 0x366f87c

[25/02/2019 22:53:38] (Notice - virtual void ProtocolGame::parsePacket(NetworkMessage&)) PLAYER: Otaku king sent unknown byte: 0x366f87c

[25/02/2019 22:53:47] (Notice - virtual void ProtocolGame::parsePacket(NetworkMessage&)) PLAYER: Sosuke sent unknown byte: 0x366f87c

[25/02/2019 22:53:47] (Notice - virtual void ProtocolGame::parsePacket(NetworkMessage&)) PLAYER: Sosuke sent unknown byte: 0x366f87c

[25/02/2019 22:53:48] (Notice - virtual void ProtocolGame::parsePacket(NetworkMessage&)) PLAYER: Sosuke sent unknown byte: 0x366f87c

[25/02/2019 22:53:49] (Notice - virtual void ProtocolGame::parsePacket(NetworkMessage&)) PLAYER: Sosuke sent unknown byte: 0x366f87c

[25/02/2019 22:53:50] (Notice - virtual void ProtocolGame::parsePacket(NetworkMessage&)) PLAYER: Sosuke sent unknown byte: 0x366f87c

[25/02/2019 22:53:51] (Notice - virtual void ProtocolGame::parsePacket(NetworkMessage&)) PLAYER: Sosuke sent unknown byte: 0x366f87c

[25/02/2019 22:53:52] (Notice - virtual void ProtocolGame::parsePacket(NetworkMessage&)) PLAYER: Sosuke sent unknown byte: 0x366f87c

[25/02/2019 22:53:52] (Notice - virtual void ProtocolGame::parsePacket(NetworkMessage&)) PLAYER: Sosuke sent unknown byte: 0x366f87c

[25/02/2019 22:53:54] (Notice - virtual void ProtocolGame::parsePacket(NetworkMessage&)) PLAYER: Sosuke sent unknown byte: 0x366f87c

[25/02/2019 22:53:54] (Notice - virtual void ProtocolGame::parsePacket(NetworkMessage&)) PLAYER: Sosuke sent unknown byte: 0x366f87c

[25/02/2019 22:53:55] (Notice - virtual void ProtocolGame::parsePacket(NetworkMessage&)) PLAYER: Sosuke sent unknown byte: 0x366f87c

[25/02/2019 22:53:55] (Notice - virtual void ProtocolGame::parsePacket(NetworkMessage&)) PLAYER: Sosuke sent unknown byte: 0x366f87c

[25/02/2019 22:53:57] (Notice - virtual void ProtocolGame::parsePacket(NetworkMessage&)) PLAYER: [ADM] Morduk sent unknown byte: 0x366f87c

[25/02/2019 22:53:57] (Notice - virtual void ProtocolGame::parsePacket(NetworkMessage&)) PLAYER: [ADM] Morduk sent unknown byte: 0x366f87c

[25/02/2019 22:53:57] (Notice - virtual void ProtocolGame::parsePacket(NetworkMessage&)) PLAYER: [ADM] Morduk sent unknown byte: 0x366f87c

[25/02/2019 22:54:05] (Notice - virtual void ProtocolGame::parsePacket(NetworkMessage&)) PLAYER: Bob Esponja sent unknown byte: 0x366f87c

[25/02/2019 22:54:05] (Notice - virtual void ProtocolGame::parsePacket(NetworkMessage&)) PLAYER: Stan sent unknown byte: 0x366f87c

[25/02/2019 22:54:05] (Notice - virtual void ProtocolGame::parsePacket(NetworkMessage&)) PLAYER: Pegaeuzinho sent unknown byte: 0x366f87c

[25/02/2019 22:54:05] (Notice - virtual void ProtocolGame::parsePacket(NetworkMessage&)) PLAYER: Wesley Safadao sent unknown byte: 0x366f87c

[25/02/2019 22:54:05] (Notice - virtual void ProtocolGame::parsePacket(NetworkMessage&)) PLAYER: Pegaeuzinho sent unknown byte: 0x366f87c

[25/02/2019 22:54:06] (Notice - virtual void ProtocolGame::parsePacket(NetworkMessage&)) PLAYER: Wesley Safadao sent unknown byte: 0x366f87c

[25/02/2019 22:54:06] (Notice - virtual void ProtocolGame::parsePacket(NetworkMessage&)) PLAYER: Onion sent unknown byte: 0x366f87c

[25/02/2019 22:54:07] (Notice - virtual void ProtocolGame::parsePacket(NetworkMessage&)) PLAYER: Wesley Safadao sent unknown byte: 0x366f87c

[25/02/2019 22:54:07] (Notice - virtual void ProtocolGame::parsePacket(NetworkMessage&)) PLAYER: Otaku king sent unknown byte: 0x366f87c

[25/02/2019 22:54:07] (Notice - virtual void ProtocolGame::parsePacket(NetworkMessage&)) PLAYER: Otaku king sent unknown byte: 0x366f87c

[25/02/2019 22:54:07] (Notice - virtual void ProtocolGame::parsePacket(NetworkMessage&)) PLAYER: Pegaeuzinho sent unknown byte: 0x366f87c

[25/02/2019 22:54:08] (Notice - virtual void ProtocolGame::parsePacket(NetworkMessage&)) PLAYER: Pegaeuzinho sent unknown byte: 0x366f87c

[25/02/2019 22:54:08] (Notice - virtual void ProtocolGame::parsePacket(NetworkMessage&)) PLAYER: Pegaeuzinho sent unknown byte: 0x366f87c

[25/02/2019 22:54:09] (Notice - virtual void ProtocolGame::parsePacket(NetworkMessage&)) PLAYER: Pegaeuzinho sent unknown byte: 0x366f87c

[25/02/2019 22:54:09] (Notice - virtual void ProtocolGame::parsePacket(NetworkMessage&)) PLAYER: Wesley Safadao sent unknown byte: 0x366f87c

[25/02/2019 22:54:10] (Notice - virtual void ProtocolGame::parsePacket(NetworkMessage&)) PLAYER: Wesley Safadao sent unknown byte: 0x366f87c

[25/02/2019 22:54:10] (Notice - virtual void ProtocolGame::parsePacket(NetworkMessage&)) PLAYER: Wesley Safadao sent unknown byte: 0x366f87c

[25/02/2019 22:54:10] (Notice - virtual void ProtocolGame::parsePacket(NetworkMessage&)) PLAYER: Stan sent unknown byte: 0x366f87c

[25/02/2019 22:54:11] (Notice - virtual void ProtocolGame::parsePacket(NetworkMessage&)) PLAYER: Wesley Safadao sent unknown byte: 0x366f87c

[25/02/2019 22:54:11] (Notice - virtual void ProtocolGame::parsePacket(NetworkMessage&)) PLAYER: Sosuke sent unknown byte: 0x366f87c

[25/02/2019 22:54:12] (Notice - virtual void ProtocolGame::parsePacket(NetworkMessage&)) PLAYER: Wesley Safadao sent unknown byte: 0x366f87c

[25/02/2019 22:54:12] (Notice - virtual void ProtocolGame::parsePacket(NetworkMessage&)) PLAYER: Sosuke sent unknown byte: 0x366f87c

[25/02/2019 22:54:12] (Notice - virtual void ProtocolGame::parsePacket(NetworkMessage&)) PLAYER: Sosuke sent unknown byte: 0x366f87c

[25/02/2019 22:54:12] (Notice - virtual void ProtocolGame::parsePacket(NetworkMessage&)) PLAYER: Wesley Safadao sent unknown byte: 0x366f87c

[25/02/2019 22:54:13] (Notice - virtual void ProtocolGame::parsePacket(NetworkMessage&)) PLAYER: Wesley Safadao sent unknown byte: 0x366f87c

[25/02/2019 22:54:13] (Notice - virtual void ProtocolGame::parsePacket(NetworkMessage&)) PLAYER: Wesley Safadao sent unknown byte: 0x366f87c

[25/02/2019 22:54:14] (Notice - virtual void ProtocolGame::parsePacket(NetworkMessage&)) PLAYER: Onion sent unknown byte: 0x366f87c

[25/02/2019 22:54:14] (Notice - virtual void ProtocolGame::parsePacket(NetworkMessage&)) PLAYER: Sosuke sent unknown byte: 0x366f87c

[25/02/2019 22:54:15] (Notice - virtual void ProtocolGame::parsePacket(NetworkMessage&)) PLAYER: Sosuke sent unknown byte: 0x366f87c

[25/02/2019 22:54:15] (Notice - virtual void ProtocolGame::parsePacket(NetworkMessage&)) PLAYER: Sosuke sent unknown byte: 0x366f87c

[25/02/2019 22:54:15] (Notice - virtual void ProtocolGame::parsePacket(NetworkMessage&)) PLAYER: Onion sent unknown byte: 0x366f87c

[25/02/2019 22:54:15] (Notice - virtual void ProtocolGame::parsePacket(NetworkMessage&)) PLAYER: Sosuke sent unknown byte: 0x366f87c

[25/02/2019 22:54:15] (Notice - virtual void ProtocolGame::parsePacket(NetworkMessage&)) PLAYER: Sosuke sent unknown byte: 0x366f87c

[25/02/2019 22:54:16] (Notice - virtual void ProtocolGame::parsePacket(NetworkMessage&)) PLAYER: Onion sent unknown byte: 0x366f87c

[25/02/2019 22:54:17] (Notice - virtual void ProtocolGame::parsePacket(NetworkMessage&)) PLAYER: Ana Julia sent unknown byte: 0x366f87c

[25/02/2019 22:54:17] (Notice - virtual void ProtocolGame::parsePacket(NetworkMessage&)) PLAYER: Otaku king sent unknown byte: 0x366f87c

[25/02/2019 22:54:18] (Notice - virtual void ProtocolGame::parsePacket(NetworkMessage&)) PLAYER: Otaku king sent unknown byte: 0x366f87c

[25/02/2019 22:54:18] (Notice - virtual void ProtocolGame::parsePacket(NetworkMessage&)) PLAYER: Otaku king sent unknown byte: 0x366f87c

[25/02/2019 22:54:18] (Notice - virtual void ProtocolGame::parsePacket(NetworkMessage&)) PLAYER: Stan sent unknown byte: 0x366f87c

[25/02/2019 22:54:18] (Notice - virtual void ProtocolGame::parsePacket(NetworkMessage&)) PLAYER: Onion sent unknown byte: 0x366f87c

[25/02/2019 22:54:18] (Notice - virtual void ProtocolGame::parsePacket(NetworkMessage&)) PLAYER: Ana Julia sent unknown byte: 0x366f87c

[25/02/2019 22:54:19] (Notice - virtual void ProtocolGame::parsePacket(NetworkMessage&)) PLAYER: Onion sent unknown byte: 0x366f87c

[25/02/2019 22:54:19] (Notice - virtual void ProtocolGame::parsePacket(NetworkMessage&)) PLAYER: Stan sent unknown byte: 0x366f87c

[25/02/2019 22:54:21] (Notice - virtual void ProtocolGame::parsePacket(NetworkMessage&)) PLAYER: Ana Julia sent unknown byte: 0x366f87c

[25/02/2019 22:54:25] (Notice - virtual void ProtocolGame::parsePacket(NetworkMessage&)) PLAYER: Sosuke sent unknown byte: 0x366f87c

[25/02/2019 22:54:25] (Notice - virtual void ProtocolGame::parsePacket(NetworkMessage&)) PLAYER: Sosuke sent unknown byte: 0x366f87c

[25/02/2019 22:54:27] (Notice - virtual void ProtocolGame::parsePacket(NetworkMessage&)) PLAYER: Sosuke sent unknown byte: 0x366f87c

[25/02/2019 22:54:29] (Notice - virtual void ProtocolGame::parsePacket(NetworkMessage&)) PLAYER: Onion sent unknown byte: 0x366f87c

[25/02/2019 22:54:31] (Notice - virtual void ProtocolGame::parsePacket(NetworkMessage&)) PLAYER: Stan sent unknown byte: 0x366f87c

[25/02/2019 22:54:31] (Notice - virtual void ProtocolGame::parsePacket(NetworkMessage&)) PLAYER: Sosuke sent unknown byte: 0x366f87c

[25/02/2019 22:54:31] (Notice - virtual void ProtocolGame::parsePacket(NetworkMessage&)) PLAYER: Kanti sent unknown byte: 0x366f87c

[25/02/2019 22:54:32] (Notice - virtual void ProtocolGame::parsePacket(NetworkMessage&)) PLAYER: Sosuke sent unknown byte: 0x366f87c

[25/02/2019 22:54:32] (Notice - virtual void ProtocolGame::parsePacket(NetworkMessage&)) PLAYER: Sosuke sent unknown byte: 0x366f87c

[25/02/2019 22:54:34] (Notice - virtual void ProtocolGame::parsePacket(NetworkMessage&)) PLAYER: Kanti sent unknown byte: 0x366f87c

[25/02/2019 22:54:39] (Notice - virtual void ProtocolGame::parsePacket(NetworkMessage&)) PLAYER: Wesley Safadao sent unknown byte: 0x366f87c

[25/02/2019 22:54:40] (Notice - virtual void ProtocolGame::parsePacket(NetworkMessage&)) PLAYER: Wesley Safadao sent unknown byte: 0x366f87c

[25/02/2019 22:54:42] (Notice - virtual void ProtocolGame::parsePacket(NetworkMessage&)) PLAYER: Wesley Safadao sent unknown byte: 0x366f87c

[25/02/2019 22:54:44] (Notice - virtual void ProtocolGame::parsePacket(NetworkMessage&)) PLAYER: Wesley Safadao sent unknown byte: 0x366f87c

[25/02/2019 22:55:00] (Notice - virtual void ProtocolGame::parsePacket(NetworkMessage&)) PLAYER: Wesley Safadao sent unknown byte: 0x366f87c

[22/06/2019 12:06:46] (Notice - virtual void ProtocolGame::parsePacket(NetworkMessage&)) PLAYER: Mvp Mayonesa sent unknown byte: 0x382f87c

[22/06/2019 12:06:46] (Notice - virtual void ProtocolGame::parsePacket(NetworkMessage&)) PLAYER: Mvp Mayonesa sent unknown byte: 0x382f87c

[22/06/2019 12:06:46] (Notice - virtual void ProtocolGame::parsePacket(NetworkMessage&)) PLAYER: Mvp Mayonesa sent unknown byte: 0x382f87c

