[19/11/2022 12:40:13] /b si
[19/11/2022 12:40:20] /b si
[19/11/2022 12:40:35] /b si?
[19/11/2022 12:41:49] /pos
[19/11/2022 12:42:12] /pos como estan
[19/11/2022 12:42:35] /b si
[19/11/2022 12:42:48] /b si
[19/11/2022 12:43:00] /b si
[19/11/2022 12:43:05] /b si
[19/11/2022 12:43:25] /b si como que nop wey pense que si
[19/11/2022 18:47:39] /b si
[19/11/2022 18:47:54] /b anuncio BB
[19/11/2022 18:48:43] /b anuncio BB
[19/11/2022 18:48:44] /b anuncio BB
[19/11/2022 18:48:45] /b anuncio BB
[19/11/2022 18:49:21] /b anuncio BB
[19/11/2022 18:49:30] /b anuncio BB
[19/11/2022 18:49:31] /b anuncio BB
[19/11/2022 18:56:19] /pos
[19/11/2022 18:56:31] /b
[19/11/2022 18:56:45] /b mensaje si
[19/11/2022 18:56:55] /b si
