[14/11/2022 10:14:37] /t
[14/11/2022 10:45:06] /save
[14/11/2022 11:09:31] /t
[14/11/2022 11:09:53] /save
[14/11/2022 11:13:03] /goto 151,1036,6
[14/11/2022 11:13:10] /goto 151, 1036, 6
[14/11/2022 11:13:19] /goto 151, 136, 6
[14/11/2022 11:13:22] /c mical
[14/11/2022 11:17:07] /goto 1061, 1044, 7
[14/11/2022 11:19:30] /b  https://chat.whatsapp.com/JKHmPQeBIyp1NyjUFmsut2 el link del grupo de whatsapp
[14/11/2022 11:20:17] /save
[14/11/2022 11:20:22] /i 2040
[14/11/2022 11:20:28] /r
[14/11/2022 11:20:53] /i 2160
[14/11/2022 11:22:54] /goto odish
[14/11/2022 11:22:58] /goto odishh
[14/11/2022 11:23:01] /goto odissh
[14/11/2022 11:28:26] /goto redd
[14/11/2022 11:28:32] /t
[14/11/2022 11:28:37] /goto tapu lele
[14/11/2022 11:28:46] /t
[14/11/2022 11:28:52] /t 1
[14/11/2022 11:29:04] /goto 151, 136, 6
[14/11/2022 11:29:16] /t
[14/11/2022 11:29:21] /goto 151, 136, 6
[14/11/2022 11:29:35] /t
[14/11/2022 11:30:43] /t
[14/11/2022 11:30:47] /t
[14/11/2022 11:31:15] /goto minator
[14/11/2022 11:31:20] /goto decade
[14/11/2022 11:31:31] /goto decade
[14/11/2022 11:31:34] /goto decade
[14/11/2022 11:32:06] /goto decade
[14/11/2022 11:32:11] /a 40
[14/11/2022 11:32:12] /a 40
[14/11/2022 11:32:14] /a 40
[14/11/2022 11:32:26] /t viridian
[14/11/2022 11:32:33] /goto viridian
[14/11/2022 11:33:08] /t
[14/11/2022 11:33:58] /goto 151, 136, 6
[14/11/2022 11:34:01] /c porun
[14/11/2022 11:34:14] /t
[14/11/2022 11:34:51] /t viridian
[14/11/2022 11:34:54] /t viridiian
[14/11/2022 11:34:59] /t cerulean
[14/11/2022 11:35:05] /t ,cerulean
[14/11/2022 11:51:21] /goto 151, 136, 6
[14/11/2022 11:51:23] /c KinksterDvil
[14/11/2022 11:51:26] /t
[14/11/2022 11:52:07] /i small diamond
[14/11/2022 11:52:26] #outfit12#
[14/11/2022 12:01:27] /b ya estoy
[14/11/2022 12:06:21] /t decade
[14/11/2022 12:06:30] /t
[14/11/2022 12:30:48] /t
[14/11/2022 12:31:33] /ghost
[14/11/2022 12:31:38] /goto cm toxin
[14/11/2022 12:32:05] /t
[14/11/2022 12:33:46] /t
[14/11/2022 12:34:15] /ghost
[14/11/2022 12:35:50] /a 40
[14/11/2022 12:36:05] /down
[14/11/2022 12:36:05] /down
[14/11/2022 12:36:06] /down
[14/11/2022 12:36:06] /down
[14/11/2022 12:36:07] /down
[14/11/2022 12:36:08] /down
[14/11/2022 12:36:09] /down
[14/11/2022 12:36:10] /down
[14/11/2022 12:36:20] /c cm toxin
[14/11/2022 12:38:37] /down
[14/11/2022 12:38:37] /down
[14/11/2022 12:38:38] /down
[14/11/2022 12:38:38] /down
[14/11/2022 12:38:39] /down
[14/11/2022 12:38:39] /down
[14/11/2022 12:38:41] /a 100
[14/11/2022 12:38:43] /a 100
[14/11/2022 12:38:53] /a 100
[14/11/2022 12:38:53] /a 100
[14/11/2022 12:38:54] /a 100
[14/11/2022 12:38:55] /a 100
[14/11/2022 12:38:55] /a 100
[14/11/2022 12:38:56] /a 100
[14/11/2022 12:38:56] /a 100
[14/11/2022 12:38:57] /a 100
[14/11/2022 12:39:00] /a 10
[14/11/2022 12:39:01] /a 10
[14/11/2022 12:39:01] /a 10
[14/11/2022 12:39:02] /a 10
[14/11/2022 12:39:02] /a 10
[14/11/2022 12:39:03] /a 10
[14/11/2022 12:39:03] /a 10
[14/11/2022 12:39:04] /a 10
[14/11/2022 12:39:05] /a 10
[14/11/2022 12:39:07] /a 100
[14/11/2022 12:39:08] /a 100
[14/11/2022 12:39:09] /a 100
[14/11/2022 12:39:10] /a 100
[14/11/2022 12:39:11] /a 100
[14/11/2022 12:39:13] /a 100
[14/11/2022 12:39:14] /a 10
[14/11/2022 12:39:15] /a 10
[14/11/2022 12:39:16] /a 10
[14/11/2022 12:39:17] /a 10
[14/11/2022 12:39:17] /a 10
[14/11/2022 12:39:19] /a 10
[14/11/2022 12:39:21] /a 50
[14/11/2022 12:39:24] /a 50
[14/11/2022 12:39:25] /a 50
[14/11/2022 12:39:25] /a 50
[14/11/2022 12:39:26] /a 50
[14/11/2022 12:39:27] /a 50
[14/11/2022 12:39:27] /a 50
[14/11/2022 12:39:28] /a 50
[14/11/2022 12:39:29] /a 50
[14/11/2022 12:39:29] /a 50
[14/11/2022 12:39:30] /a 50
[14/11/2022 12:39:30] /a 50
[14/11/2022 12:39:31] /a 50
[14/11/2022 12:39:31] /a 50
[14/11/2022 12:39:32] /a 50
[14/11/2022 12:39:32] /a 50
[14/11/2022 12:39:33] /a 50
[14/11/2022 12:39:34] /a 50
[14/11/2022 12:39:35] /a 50
[14/11/2022 12:39:36] /a 50
[14/11/2022 12:39:37] /a 50
[14/11/2022 12:39:37] /a 50
[14/11/2022 12:39:40] /a 5
[14/11/2022 12:40:38] /s virus alakazam
[14/11/2022 12:41:22] /s viru/t
[14/11/2022 12:41:24] /t
[14/11/2022 17:00:06] /r
[14/11/2022 17:01:52] /goto roselia
[14/11/2022 17:02:00] /goto shadow metagross
[14/11/2022 17:02:10] /goto  arcveus
[14/11/2022 17:02:12] /t
[14/11/2022 17:03:14] /i venom stone
[14/11/2022 17:04:52] /goto wubbufet
[14/11/2022 17:04:58] /goto wubuffet
[14/11/2022 17:05:02] /goto wubbuffet
[14/11/2022 17:05:09] /goto wu
[14/11/2022 17:05:17] /goto wobbuffet
[14/11/2022 17:05:20] /r
[14/11/2022 17:05:21] /r
[14/11/2022 17:05:24] /r
[14/11/2022 17:05:25] /goto wobbuffet
[14/11/2022 17:05:27] /r
[14/11/2022 17:05:28] /goto wobbuffet
[14/11/2022 17:05:30] /r
[14/11/2022 17:05:30] /goto wobbuffet
[14/11/2022 17:05:32] /r
[14/11/2022 17:05:33] /goto wobbuffet
[14/11/2022 17:05:36] /r
[14/11/2022 17:05:37] /goto wobbuffet
[14/11/2022 17:05:39] /r
[14/11/2022 17:05:40] /goto wobbuffet
[14/11/2022 17:05:46] /r
[14/11/2022 17:05:47] /goto wobbuffet
[14/11/2022 17:05:49] /r
[14/11/2022 17:05:49] /goto wobbuffet
[14/11/2022 17:05:51] /r
[14/11/2022 17:05:52] /goto wobbuffet
[14/11/2022 17:05:54] /r
[14/11/2022 17:05:55] /goto wobbuffet
[14/11/2022 17:05:57] /r
[14/11/2022 17:05:58] /goto wobbuffet
[14/11/2022 17:06:00] /r
[14/11/2022 17:06:01] /goto wobbuffet
[14/11/2022 17:06:03] /r
[14/11/2022 17:06:04] /goto wobbuffet
[14/11/2022 17:06:06] /r
[14/11/2022 17:06:07] /goto wobbuffet
[14/11/2022 17:06:08] /r
[14/11/2022 17:06:09] /goto wobbuffet
[14/11/2022 17:06:11] /r
[14/11/2022 17:06:11] /goto wobbuffet
[14/11/2022 17:06:17] /r
[14/11/2022 17:06:18] /goto wobbuffet
[14/11/2022 17:06:20] /r
[14/11/2022 17:06:20] /goto wobbuffet
[14/11/2022 17:06:22] /r
[14/11/2022 17:06:23] /goto wobbuffet
[14/11/2022 17:06:26] /r
[14/11/2022 17:06:26] /goto wobbuffet
[14/11/2022 17:06:28] /r
[14/11/2022 17:06:29] /goto wobbuffet
[14/11/2022 17:06:30] /r
[14/11/2022 17:06:31] /goto wobbuffet
[14/11/2022 17:06:33] /r
[14/11/2022 17:06:33] /goto wobbuffet
[14/11/2022 17:06:35] /r
[14/11/2022 17:06:36] /goto wobbuffet
[14/11/2022 17:06:40] /r
[14/11/2022 17:06:40] /goto wobbuffet
[14/11/2022 17:06:42] /r
[14/11/2022 17:06:43] /goto wobbuffet
[14/11/2022 17:06:44] /r
[14/11/2022 17:06:45] /goto wobbuffet
[14/11/2022 17:06:47] /r
[14/11/2022 17:06:48] /goto wobbuffet
[14/11/2022 17:06:49] /r
[14/11/2022 17:06:50] /goto wobbuffet
[14/11/2022 17:06:51] /r
[14/11/2022 17:06:52] /goto wobbuffet
[14/11/2022 17:06:54] /r
[14/11/2022 17:06:54] /goto wobbuffet
[14/11/2022 17:06:56] /r
[14/11/2022 17:06:57] /goto wobbuffet
[14/11/2022 17:06:58] /r
[14/11/2022 17:06:59] /goto wobbuffet
[14/11/2022 17:07:00] /r
[14/11/2022 17:07:01] /goto wobbuffet
[14/11/2022 17:07:02] /r
[14/11/2022 17:07:04] /r
[14/11/2022 17:07:05] /goto wobbuffet
[14/11/2022 17:07:07] /r
[14/11/2022 17:07:07] /goto wobbuffet
[14/11/2022 17:07:09] /r
[14/11/2022 17:07:10] /goto wobbuffet
[14/11/2022 17:07:11] /r
[14/11/2022 17:07:12] /goto wobbuffet
[14/11/2022 17:07:13] /r
[14/11/2022 17:07:14] /goto wobbuffet
[14/11/2022 17:07:16] /r
[14/11/2022 17:07:16] /goto wobbuffet
[14/11/2022 17:07:18] /r
[14/11/2022 17:07:19] /goto wobbuffet
[14/11/2022 17:07:21] /r
[14/11/2022 17:07:21] /goto wobbuffet
[14/11/2022 17:07:23] /r
[14/11/2022 17:07:23] /goto wobbuffet
[14/11/2022 17:07:25] /r
[14/11/2022 17:07:25] /goto wobbuffet
[14/11/2022 17:07:27] /r
[14/11/2022 17:07:29] /r
[14/11/2022 17:07:30] /goto wobbuffet
[14/11/2022 17:07:32] /r
[14/11/2022 17:07:32] /goto wobbuffet
[14/11/2022 17:07:34] /r
[14/11/2022 17:07:35] /goto wobbuffet
[14/11/2022 17:07:36] /r
[14/11/2022 17:07:37] /r
[14/11/2022 17:07:38] /goto wobbuffet
[14/11/2022 17:07:40] /r
[14/11/2022 17:07:40] /goto wobbuffet
[14/11/2022 17:07:42] /r
[14/11/2022 17:07:42] /goto wobbuffet
[14/11/2022 17:07:44] /r
[14/11/2022 17:07:45] /goto wobbuffet
[14/11/2022 17:07:46] /r
[14/11/2022 17:07:50] /r
[14/11/2022 17:07:50] /goto wobbuffet
[14/11/2022 17:07:51] /r
[14/11/2022 17:07:52] /goto wobbuffet
[14/11/2022 17:07:54] /r
[14/11/2022 17:07:55] /goto wobbuffet
[14/11/2022 17:07:56] /r
[14/11/2022 17:07:57] /goto wobbuffet
[14/11/2022 17:07:58] /r
[14/11/2022 17:07:59] /goto wobbuffet
[14/11/2022 17:08:01] /r
[14/11/2022 17:08:02] /goto wobbuffet
[14/11/2022 17:08:03] /r
[14/11/2022 17:08:04] /goto wobbuffet
[14/11/2022 17:08:05] /r
[14/11/2022 17:08:06] /goto wobbuffet
[14/11/2022 17:08:07] /r
[14/11/2022 17:08:08] /goto wobbuffet
[14/11/2022 17:08:10] /r
[14/11/2022 17:08:13] /r
[14/11/2022 17:08:14] /goto wobbuffet
[14/11/2022 17:08:16] /r
[14/11/2022 17:08:16] /goto wobbuffet
[14/11/2022 17:08:18] /r
[14/11/2022 17:08:19] /goto wobbuffet
[14/11/2022 17:08:20] /r
[14/11/2022 17:08:21] /goto wobbuffet
[14/11/2022 17:08:22] /r
[14/11/2022 17:08:23] /goto wobbuffet
[14/11/2022 17:08:24] /r
[14/11/2022 17:08:25] /goto wobbuffet
[14/11/2022 17:08:27] /r
[14/11/2022 17:08:27] /goto wobbuffet
[14/11/2022 17:08:29] /r
[14/11/2022 17:08:29] /goto wobbuffet
[14/11/2022 17:08:31] /r
[14/11/2022 17:08:31] /goto wobbuffet
[14/11/2022 17:08:33] /r
[14/11/2022 17:08:34] /goto wobbuffet
[14/11/2022 17:08:35] /r
[14/11/2022 17:08:36] /goto wobbuffet
[14/11/2022 17:08:37] /r
[14/11/2022 17:08:38] /goto wobbuffet
[14/11/2022 17:08:40] /r
[14/11/2022 17:08:41] /goto wobbuffet
[14/11/2022 17:08:42] /r
[14/11/2022 17:08:43] /goto wobbuffet
[14/11/2022 17:08:44] /r
[14/11/2022 17:08:45] /goto wobbuffet
[14/11/2022 17:08:47] /r
[14/11/2022 17:08:47] /goto wobbuffet
[14/11/2022 17:08:49] /r
[14/11/2022 17:08:49] /goto wobbuffet
[14/11/2022 17:08:51] /r
[14/11/2022 17:08:52] /goto wobbuffet
[14/11/2022 17:08:53] /r
[14/11/2022 17:08:54] /goto wobbuffet
[14/11/2022 17:08:56] /r
[14/11/2022 17:08:56] /goto wobbuffet
[14/11/2022 17:08:58] /r
[14/11/2022 17:08:59] /r
[14/11/2022 17:09:00] /goto wobbuffet
[14/11/2022 17:09:02] /r
[14/11/2022 17:09:04] /r
[14/11/2022 17:09:05] /goto wobbuffet
[14/11/2022 17:09:06] /r
[14/11/2022 17:09:07] /goto wobbuffet
[14/11/2022 17:09:09] /r
[14/11/2022 17:09:11] /r
[14/11/2022 17:09:12] /r
[14/11/2022 17:09:13] /goto wobbuffet
[14/11/2022 17:09:14] /r
[14/11/2022 17:09:15] /goto wobbuffet
[14/11/2022 17:09:16] /r
[14/11/2022 17:09:17] /goto wobbuffet
[14/11/2022 17:09:19] /r
[14/11/2022 17:09:20] /goto wobbuffet
[14/11/2022 17:09:21] /r
[14/11/2022 17:09:21] /goto wobbuffet
[14/11/2022 17:09:23] /r
[14/11/2022 17:09:23] /goto wobbuffet
[14/11/2022 17:10:07] /t
[14/11/2022 17:12:26] /attr pos 1256 1066 15
[14/11/2022 17:14:18] /t
[14/11/2022 17:15:53] /i 8047
[14/11/2022 17:15:55] /a 1
[14/11/2022 17:15:56] /i 8047
[14/11/2022 17:15:58] /a 1
[14/11/2022 17:15:59] /i 8047
[14/11/2022 17:16:01] /a 1
[14/11/2022 17:16:02] /i 8047
[14/11/2022 17:16:04] /a 1
[14/11/2022 17:16:05] /i 8047
[14/11/2022 17:16:13] /a 1
[14/11/2022 17:16:14] /i 8047
[14/11/2022 17:16:15] /a 1
[14/11/2022 17:16:16] /i 8047
[14/11/2022 17:16:19] /a 1
[14/11/2022 17:16:19] /i 8047
[14/11/2022 17:16:21] /a 1
[14/11/2022 17:16:22] /i 8047
[14/11/2022 17:16:53] /t
[14/11/2022 17:17:03] /b buenas buenas
[14/11/2022 17:26:29] /goto cm toxin
[14/11/2022 17:26:42] /goto CM toxin
[14/11/2022 17:27:02] /owner none
[14/11/2022 17:27:12] /i 2160
[14/11/2022 17:30:30] /r
[14/11/2022 17:30:31] /r
[14/11/2022 17:30:32] /r
[14/11/2022 17:30:33] /r
[14/11/2022 17:30:35] /r
[14/11/2022 17:30:37] /r
[14/11/2022 17:30:45] /r
[14/11/2022 17:30:46] /r
[14/11/2022 17:30:48] /r
[14/11/2022 17:30:49] /r
[14/11/2022 17:30:50] /r
[14/11/2022 17:30:51] /r
[14/11/2022 17:30:52] /r
[14/11/2022 17:30:53] /r
[14/11/2022 17:30:54] /r
[14/11/2022 17:32:24] /owner ADM Toxic
[14/11/2022 17:32:36] /owner CM toxin
[14/11/2022 17:32:46] /owner none
[14/11/2022 17:32:56] /c SAT
[14/11/2022 17:33:20] /attr group 5
[14/11/2022 17:33:22] /r
[14/11/2022 17:34:22] /t
[14/11/2022 17:40:04] /t
[14/11/2022 17:45:55] /goto tapu lele
[14/11/2022 17:46:01] /a 50
[14/11/2022 17:46:04] /a 50
[14/11/2022 17:46:05] /a 50
[14/11/2022 17:46:06] /a 50
[14/11/2022 17:46:14] /goto tapu lele
[14/11/2022 17:46:18] /a 50
[14/11/2022 17:46:21] /goto tapu lele
[14/11/2022 17:46:22] /a 50
[14/11/2022 17:46:27] /goto tapu lele
[14/11/2022 17:46:28] /a 50
[14/11/2022 17:46:35] /goto tapu lele
[14/11/2022 17:46:37] /a 50
[14/11/2022 17:46:43] /goto tapu lele
[14/11/2022 17:46:44] /a 50
[14/11/2022 17:46:50] /goto tapu lele
[14/11/2022 17:46:53] /a 50
[14/11/2022 17:46:59] /goto tapu lele
[14/11/2022 17:47:01] /a 50
[14/11/2022 17:47:08] /goto tapu lele
[14/11/2022 17:47:09] /a 50
[14/11/2022 17:47:18] /goto tapu lele
[14/11/2022 17:47:18] /a 50
[14/11/2022 17:47:19] /a 50
[14/11/2022 17:47:33] /goto tapu lele
[14/11/2022 17:47:34] /a 50
[14/11/2022 17:48:22] /goto tapu lele
[14/11/2022 17:48:25] /a 50
[14/11/2022 17:48:31] /t
[14/11/2022 17:53:10] /goto CM toxin
[14/11/2022 17:53:42] /a 60
[14/11/2022 17:53:44] /a 6
[14/11/2022 17:53:55] /c ubaldo
[14/11/2022 17:53:58] /c decade
[14/11/2022 17:54:11] /c blacksapito
[14/11/2022 17:55:50] /t
[14/11/2022 18:06:11] /goto ubaldo
[14/11/2022 18:07:06] /c decade
[14/11/2022 18:07:10] /c decade
[14/11/2022 18:07:14] /c decade
[14/11/2022 18:07:18] /c decade
[14/11/2022 18:07:22] /c decade
[14/11/2022 18:07:37] /c decade
[14/11/2022 18:07:42] /c decade
[14/11/2022 18:07:48] /c decade
[14/11/2022 18:08:13] /c decade
[14/11/2022 18:08:23] /c decade
[14/11/2022 18:08:56] /c decade
[14/11/2022 18:09:00] /c decade
[14/11/2022 18:09:05] /c decade
[14/11/2022 18:09:08] /c decade
[14/11/2022 18:09:12] /c decade
[14/11/2022 18:09:19] /c decade
[14/11/2022 18:09:21] /c decade
[14/11/2022 18:09:26] /c decade
[14/11/2022 18:09:32] /c decade
[14/11/2022 18:09:41] /c decade
[14/11/2022 18:09:43] /c decade
[14/11/2022 18:09:47] /c decade
[14/11/2022 18:09:51] /c decade
[14/11/2022 18:09:54] /c decade
[14/11/2022 18:09:56] /c decade
[14/11/2022 18:10:00] /c decade
[14/11/2022 18:10:12] /goto blacksapito
[14/11/2022 18:10:16] /goto ubaldo
[14/11/2022 18:10:19] /c decade
[14/11/2022 18:10:24] /c decade
[14/11/2022 18:10:26] /c decade
[14/11/2022 18:10:31] /a 60
[14/11/2022 18:10:33] /a 
[14/11/2022 18:10:37] /a 50
[14/11/2022 18:10:39] /a 50
[14/11/2022 18:10:41] /a 5
[14/11/2022 18:10:42] /a 5
[14/11/2022 18:10:43] /a 5
[14/11/2022 18:10:43] /a 5
[14/11/2022 18:10:44] /a 5
[14/11/2022 18:10:45] /a 5
[14/11/2022 18:10:46] /a 5
[14/11/2022 18:10:46] /a 5
[14/11/2022 18:10:47] /a 5
[14/11/2022 18:10:48] /a 5
[14/11/2022 18:10:49] /a 5
[14/11/2022 18:10:50] /a 5
[14/11/2022 18:10:52] /save
[14/11/2022 18:10:55] /c decade
[14/11/2022 18:10:59] /c ubaldo
[14/11/2022 18:11:00] /c decade
[14/11/2022 18:11:06] /a 5
[14/11/2022 18:11:07] /a 5
[14/11/2022 18:11:07] /a 5
[14/11/2022 18:11:08] /a 5
[14/11/2022 18:11:09] /a 5
[14/11/2022 18:11:09] /a 5
[14/11/2022 18:11:10] /a 5
[14/11/2022 18:11:11] /a 5
[14/11/2022 18:11:15] /c decade
[14/11/2022 18:11:17] /c ubaldo
[14/11/2022 18:11:21] /a 5
[14/11/2022 18:11:22] /a 5
[14/11/2022 18:11:28] /a 5
[14/11/2022 18:11:29] /a 5
[14/11/2022 18:12:01] /a 5
[14/11/2022 18:12:01] /a 5
[14/11/2022 18:12:13] /a 5
[14/11/2022 18:12:13] /a 5
[14/11/2022 18:12:36] /c decade
[14/11/2022 18:12:39] /c decade
[14/11/2022 18:12:41] /c decade
[14/11/2022 18:13:57] /t
[14/11/2022 18:30:57] /i roxy point
[14/11/2022 18:46:52] /save
[14/11/2022 18:47:01] /b me ire a estudiar cualquier cosa me mandan mensaje
[14/11/2022 19:15:22] /save
[14/11/2022 20:10:42] /save
[14/11/2022 20:10:45] /b ya vine
[14/11/2022 20:15:35] /i roxy point
[14/11/2022 20:15:36] /i roxy point
[14/11/2022 20:24:57] /goto pandubii
[14/11/2022 20:25:00] /goto pandubii
[14/11/2022 20:27:17] /attr set boost 300
[14/11/2022 20:29:58] /t
[14/11/2022 20:33:32] /goto redd
[14/11/2022 21:43:08] /i 24532
[14/11/2022 21:43:39] /i 24471
[14/11/2022 21:43:41] /i 24471
[14/11/2022 21:43:43] /i 24471
[14/11/2022 21:43:44] /i 24471
[14/11/2022 21:47:20] /i 23846
[14/11/2022 21:47:22] /i 23846
[14/11/2022 21:47:22] /i 23846
[14/11/2022 21:47:23] /i 23846
[14/11/2022 21:47:24] /i 23846
[14/11/2022 21:47:24] /i 23846
[14/11/2022 22:07:53] /t
[14/11/2022 22:09:04] /t
[14/11/2022 22:12:21] /owner Adm Toxic
[14/11/2022 22:15:21] /owner Skinze
[14/11/2022 22:20:50] /goto 151, 136, 6
[14/11/2022 22:20:54] /c lady morrigan
[14/11/2022 22:21:00] /goto god syovel
[15/11/2022 11:03:55] /a 4
[15/11/2022 11:04:13] /t
[15/11/2022 11:05:14] /goto blacksapito
[15/11/2022 11:05:17] /goto blacksapito
[15/11/2022 11:05:18] /goto blacksapito
[15/11/2022 11:05:18] /goto blacksapito
[15/11/2022 11:05:19] /goto blacksapito
[15/11/2022 11:05:20] /goto blacksapito
[15/11/2022 11:05:20] /goto blacksapito
[15/11/2022 11:05:21] /goto blacksapito
[15/11/2022 11:05:22] /goto blacksapito
[15/11/2022 11:05:22] /goto blacksapito
[15/11/2022 11:05:23] /goto blacksapito
[15/11/2022 11:05:23] /goto blacksapito
[15/11/2022 11:05:24] /goto blacksapito
[15/11/2022 11:05:25] /goto blacksapito
[15/11/2022 11:05:26] /goto blacksapito
[15/11/2022 11:05:26] /goto blacksapito
[15/11/2022 11:05:47] /owner Blacksapito
[15/11/2022 11:06:06] /owner none
[15/11/2022 11:06:09] /t
[15/11/2022 11:17:25] /i 17134
[15/11/2022 11:17:39] /t
[15/11/2022 11:46:35] /b ya llegue
[15/11/2022 11:49:23] /save
[15/11/2022 11:50:04] /i roxy point
[15/11/2022 11:50:25] /i roxy point
[15/11/2022 11:50:25] /i roxy point
[15/11/2022 11:50:44] /save
[15/11/2022 11:51:06] /s zekrom
[15/11/2022 11:56:14] /t
[15/11/2022 11:57:34] /save
[15/11/2022 11:58:53] /save
[15/11/2022 12:17:07] /t
[15/11/2022 12:18:03] /c redd
[15/11/2022 12:18:51] /t
[17/11/2022 10:23:02] /b buenas
[17/11/2022 10:34:11] /i roxy point
[17/11/2022 10:34:11] /i roxy point
[17/11/2022 10:34:12] /i roxy point
[17/11/2022 10:34:13] /i roxy point
[17/11/2022 10:34:13] /i roxy point
[17/11/2022 10:34:14] /i roxy point
[17/11/2022 10:35:07] /save
[17/11/2022 10:35:18] /r
[17/11/2022 10:35:21] /r
[17/11/2022 10:35:24] /r
[17/11/2022 10:35:25] /r
[17/11/2022 10:35:29] /r
[17/11/2022 10:35:30] /r
[17/11/2022 10:35:33] /r
[17/11/2022 10:35:34] /r
[17/11/2022 10:35:36] /r
[17/11/2022 10:35:54] /b ya abri la tienda de items
[17/11/2022 10:36:59] /b area de donacion abajo del portal al tp
[17/11/2022 10:38:30] /t
[17/11/2022 14:26:14] /save
[17/11/2022 14:26:38] /b en unos 30 min haremos copia de seguridad del juego por si sienten lag
[17/11/2022 15:12:46] /b se abrieron dos vacantes para tutores
[17/11/2022 15:13:59] /r
[17/11/2022 15:18:06] /c viianca
[17/11/2022 15:18:51] /c sekirei
[17/11/2022 15:23:32] /t
[17/11/2022 15:27:15] /c kenedy
[17/11/2022 15:27:28] /c viianca
[17/11/2022 15:28:51] /save
[17/11/2022 15:32:14] /t
[18/11/2022 12:39:01] /m shiny charizard
[18/11/2022 12:39:44] /m shiny charizard
[18/11/2022 12:40:21] /m shiny charizard
[18/11/2022 12:40:38] /b alguien me puede ayudar a testear algo
[18/11/2022 12:41:23] /m shiny charizard
[18/11/2022 12:44:59] /c mikal
[18/11/2022 12:45:03] /c mical
[18/11/2022 12:45:06] /c miical
[18/11/2022 12:45:19] /m tyuranitar
[18/11/2022 12:45:23] /m tiranytar
[18/11/2022 12:45:27] /m tyranitar
[18/11/2022 12:46:08] /t
[18/11/2022 12:46:36] /save
[19/11/2022 08:07:30] /kick CM Uzzy
[19/11/2022 10:40:22] /goto sir goku
[19/11/2022 10:40:24] /save
[19/11/2022 10:40:48] /goto brave tyranitar
[19/11/2022 10:40:52] /goto brave tyranitar
[19/11/2022 10:41:01] /goto vegapunk
[19/11/2022 10:41:09] /m zekrom
[19/11/2022 10:41:23] /r
[21/11/2022 17:11:06] /t
[21/11/2022 17:11:12] /b buenas buenas como estan todos
[21/11/2022 17:12:05] /shutdown 5
[21/11/2022 17:12:19] /b heremos server save de mantenimiento 
[21/11/2022 17:15:14] /save
[21/11/2022 17:15:21] /m ditto
[21/11/2022 17:15:33] /m virus gyarados
[21/11/2022 17:15:37] /m virus gyarados
[21/11/2022 17:15:38] /m virus gyarados
[21/11/2022 17:15:39] /m virus gyarados
[21/11/2022 17:15:40] /m virus gyarados
[21/11/2022 17:15:59] /r
[21/11/2022 17:16:00] /r
[21/11/2022 17:16:36] /m virus gyarados
[21/11/2022 17:16:39] /m virus gyarados
[21/11/2022 17:16:41] /m virus gyarados
[21/11/2022 17:16:42] /m virus gyarados
[21/11/2022 17:16:44] /m virus gyarados
