[15/11/2022 08:39:34] !withdraw all
[15/11/2022 08:39:36] !deposit all
[15/11/2022 08:39:54] !deposit 800000000
[15/11/2022 08:40:31] !deposit 200000000
[15/11/2022 08:40:47] !deposit 200000000
[15/11/2022 08:40:49] !deposit 200000000
[15/11/2022 08:40:50] !deposit 200000000
[15/11/2022 08:40:53] !balance
[16/11/2022 15:57:16] !balance
[16/11/2022 15:57:22] !withdraw 300000000
[16/11/2022 15:57:25] !withdraw 300000000
[16/11/2022 15:57:27] !withdraw 300000000
[16/11/2022 15:57:28] !withdraw 300000000
[16/11/2022 15:57:29] !withdraw 300000000
[16/11/2022 15:57:30] !withdraw 300000000
[16/11/2022 15:57:35] !withdraw 100000000
[16/11/2022 15:57:49] !deposit 600000000
[16/11/2022 15:57:56] !deposit 300000000
[16/11/2022 17:50:52] !withdraw 100000000
[16/11/2022 18:03:54] !withdraw 300000000
[16/11/2022 18:04:01] !withdraw 250000000
[16/11/2022 18:04:15] !withdraw 200000000
[16/11/2022 18:29:08] !deposit 200000000
[16/11/2022 18:29:10] !deposit 200000000
[16/11/2022 18:29:11] !deposit 200000000
[16/11/2022 18:29:12] !deposit 200000000
[16/11/2022 18:29:16] !deposit 200000000
[16/11/2022 18:29:19] !deposit 200000000
[16/11/2022 18:29:27] !deposit 100000000
[16/11/2022 18:29:35] !deposit 200000000
[16/11/2022 18:29:57] !deposit 100000000
[16/11/2022 18:30:00] !balance
[16/11/2022 18:30:13] !deposit 50000000
[16/11/2022 18:30:21] !deposit all
[16/11/2022 18:30:27] !deposit 100000000
[16/11/2022 18:30:34] !deposit 1000000
[17/11/2022 07:02:44] !balance
[17/11/2022 07:02:51] !deposit 500000
[17/11/2022 07:02:57] !deposit 200000000
[17/11/2022 07:02:59] !deposit 200000000
[17/11/2022 07:03:00] !deposit 200000000
[17/11/2022 07:03:02] !deposit 200000000
[17/11/2022 07:03:03] !deposit 200000000
[17/11/2022 07:09:54] !balance
[17/11/2022 16:28:59] !withdraw 100000000
[18/11/2022 01:43:40] !withdraw 100000000
[18/11/2022 05:03:25] !withdraw 200000000
[18/11/2022 06:45:17] !withdraw 200000000
[18/11/2022 10:52:28] !withdraw 200000000
