[14/11/2022 10:30:13] /b wenas chicos como estan quieren evento ?
[14/11/2022 10:30:46] /b alguien dijo pvp de sh torneo?
[14/11/2022 11:00:24] /ghost
[14/11/2022 11:00:28] /goto decade
[14/11/2022 11:01:12] /t
[14/11/2022 11:56:20] /t viridian
[14/11/2022 11:56:38] /a 50
[14/11/2022 11:56:41] /a 50
[14/11/2022 11:56:43] /a 50
[14/11/2022 11:56:44] /a 50
[14/11/2022 11:56:50] /a 50
[14/11/2022 11:57:29] /a 50
[14/11/2022 11:57:47] /a 50
[14/11/2022 11:57:49] /a 50
[14/11/2022 11:59:32] /a 2
[14/11/2022 12:01:09] /a 5
[14/11/2022 12:01:51] /a 10
[14/11/2022 12:02:24] /c ADM Toxic
[14/11/2022 12:03:12] /goto adm toxic
[14/11/2022 12:04:28] /goto adm toxic
[14/11/2022 12:04:37] /goto adm toxic
[14/11/2022 12:04:45] /c decade
[14/11/2022 12:06:48] /t
[14/11/2022 12:06:58] /ghost
[14/11/2022 12:07:32] /newtype 122
[14/11/2022 12:21:25] /b alguien para evento de sh ?
[14/11/2022 12:22:16] /b nadie quiere evento ?
[14/11/2022 12:22:36] /m shiny pichu
[14/11/2022 12:22:42] /m shiny bulbasaur
[14/11/2022 12:23:00] /m shiny am´pharos
[14/11/2022 12:24:40] /b escondere una sh box en la ciudad el que la encuentra se la queda
[14/11/2022 12:24:43] /ghost
[14/11/2022 12:25:59] /ghost
[14/11/2022 12:26:09] /b escondi 2 sh box chicos el que las encuentre se las queda
[14/11/2022 12:26:16] /b solo enla ciudad
[14/11/2022 12:26:45] /b nadie quiere? :c
[14/11/2022 12:28:25] /b gogo todos a cerulean :B
[14/11/2022 12:30:40] /ghost
[14/11/2022 12:31:28] /b estan a simple vista :B
[14/11/2022 12:31:30] /t
[14/11/2022 12:31:42] /b 2 sh box en cerulean epa corran 
[14/11/2022 12:33:16] /goto adm toxic
[14/11/2022 12:34:45] /goto adm toxic
[14/11/2022 12:35:58] /t
[14/11/2022 12:36:06] /b nadie las fue abuscar?
[14/11/2022 12:40:28] /b ya encontraron 1
[14/11/2022 12:40:30] /t
[14/11/2022 12:40:47] /goto roberto mzt
[14/11/2022 12:41:30] /b encontraron la mas dificilx D no puedo creer xd
[14/11/2022 12:42:23] /t
[14/11/2022 14:17:25] /b quieren evento boss?
[14/11/2022 14:17:53] /b quieren evento boss? si quieren evento boss vengan al cp 
[14/11/2022 14:18:27] /b nadamas 2?
[14/11/2022 14:18:47] /m articuno
[14/11/2022 14:19:08] /b nadamas hay 2
[14/11/2022 14:20:01] /r
[14/11/2022 14:20:04] /r
[14/11/2022 14:20:48] /b van a dejar que solo yuki se quede el legendario articuno ?:o
[14/11/2022 14:21:14] /m zapdos
[14/11/2022 14:21:31] /b es sin escalerear
[14/11/2022 14:21:36] /b o lovuelvo a quiitar
[14/11/2022 14:22:23] /r
[14/11/2022 14:22:42] /m moltres
[14/11/2022 14:22:48] /b moltres ataca la ciu8dad
[14/11/2022 14:23:36] /r
[14/11/2022 14:23:46] /m dialga
[14/11/2022 14:24:28] /m halloween hoopa
[14/11/2022 14:24:47] /r
[14/11/2022 14:25:53] /r
[14/11/2022 14:26:17] /m lugia
[14/11/2022 14:26:21] /m ho-oh
[14/11/2022 14:27:05] /r
[14/11/2022 14:27:07] /r
[14/11/2022 14:27:11] /r
[14/11/2022 14:27:19] /m hoopa
[14/11/2022 14:27:23] /m viziron
[14/11/2022 14:27:27] /m keldeo
[14/11/2022 14:30:10] /r
[14/11/2022 14:31:09] /m voy a esconedeer 1 pokemon cirus
[14/11/2022 14:31:17] /m voy a esconedeer 1 pokemon virus quien juega?
[14/11/2022 14:31:35] /m voy a esconedeer 1 pokemon virus quien juega?
[14/11/2022 14:31:54] /m voy a esconedeer 1 pokemon virus quien juega?
[14/11/2022 14:32:28] /b voy a esconconder 1 poke vcirus quien juega
[14/11/2022 14:33:36] /ghost
[14/11/2022 14:34:02] /kick
[14/11/2022 14:34:53] /kick vuzze
[14/11/2022 14:36:09] /kick vuzze
[14/11/2022 14:37:18] /a 2
[14/11/2022 14:37:22] /c vuzze
[14/11/2022 14:37:28] /a 2
[14/11/2022 14:37:59] /c vuzze
[14/11/2022 14:38:06] /ban vuzze
[14/11/2022 14:38:14] /ban vuzze 15
[14/11/2022 14:41:52] /ban vuzze
[14/11/2022 14:43:04] /clean
[14/11/2022 14:44:20] /ban vuzze 30
[14/11/2022 14:44:24] /ban vuzze 300
[14/11/2022 14:44:29] /ban vuzze 000300
[14/11/2022 14:44:37] /ban vuzze 900
[14/11/2022 14:44:45] /ban vuzze 900
[14/11/2022 14:44:57] /ban Vuzze 900
[14/11/2022 14:47:18] /clean
[14/11/2022 14:47:28] /ghost
[14/11/2022 14:47:40] /goto figrex
[14/11/2022 14:48:10] /goto yuckyjewueld
[14/11/2022 14:50:10] /b quieren 1 darkrai ? :3
[14/11/2022 14:50:47] /m shiny pikachui
[14/11/2022 14:50:49] /m shiny pikachu
[14/11/2022 14:51:03] /m garchomp
[14/11/2022 14:51:26] /r
[14/11/2022 14:52:03] /m giratina
[14/11/2022 14:53:07] /r
[14/11/2022 14:55:17] /m shiny garchomp
[14/11/2022 14:55:56] /m mega garchomp
[14/11/2022 14:56:04] /m mega raichu
[14/11/2022 14:56:35] /r
[14/11/2022 14:56:42] /m shiny charmander
[14/11/2022 14:57:00] /m tapu bulu
[14/11/2022 14:58:04] /b weeno acabamos por le dia de hoy
[14/11/2022 14:58:15] /b vayan alvl criaturitas
[14/11/2022 14:58:21] /b alcnazenme en el one piece :B
[14/11/2022 17:25:37] /a 50
[14/11/2022 17:25:39] /a 50
[14/11/2022 17:25:40] /a 50
[14/11/2022 17:25:43] /a 50
[14/11/2022 17:25:44] /a 50
[14/11/2022 17:25:44] /a 50
[14/11/2022 17:27:42] /a 2
[14/11/2022 17:31:14] /owner SAT
[14/11/2022 17:32:42] /b acid zombie tenemos cuentas que aclarar
[14/11/2022 17:34:27] /t
[14/11/2022 17:45:26] /a 50
[14/11/2022 17:45:29] /a 50
[14/11/2022 17:45:30] /a 50
[14/11/2022 17:45:31] /a 50
[14/11/2022 17:45:32] /a 50
[14/11/2022 17:45:33] /a 50
[14/11/2022 17:45:34] /a 50
[14/11/2022 17:45:42] /a 50
[14/11/2022 17:47:08] /a 2
[14/11/2022 17:47:10] /a 2
[14/11/2022 17:48:27] /a 50
[14/11/2022 17:48:38] /a 50
[14/11/2022 17:48:40] /a 50
[14/11/2022 17:48:56] /a 50
[14/11/2022 17:49:04] /a 50
[14/11/2022 17:49:07] /a 25
[14/11/2022 17:49:16] /a 50
[14/11/2022 17:49:26] /a 25
[14/11/2022 17:49:27] /a 25
[14/11/2022 17:49:28] /a 25
[14/11/2022 17:49:36] /a 50
[14/11/2022 17:49:44] /a 25
[14/11/2022 17:49:44] /a 25
[14/11/2022 17:49:47] /a 25
[14/11/2022 17:49:54] /a 50
[14/11/2022 17:50:03] /a 50
[14/11/2022 17:50:04] /a 25
[14/11/2022 17:50:13] /a 50
[14/11/2022 17:50:14] /a 50
[14/11/2022 17:50:23] /a 50
[14/11/2022 17:50:25] /a 25
[14/11/2022 17:50:35] /a 50
[14/11/2022 17:50:36] /a 25
[14/11/2022 17:50:44] /a 50
[14/11/2022 17:50:46] /a 25
[14/11/2022 17:52:01] /c decade
[14/11/2022 17:52:58] /c blacksapito
[14/11/2022 17:56:41] /goto decade
[14/11/2022 17:57:38] /c black sapito
[14/11/2022 17:57:43] /c blacksapito
[14/11/2022 17:58:18] /goto decade
[14/11/2022 17:58:58] /c balcksapito
[14/11/2022 17:59:03] /c balcksapito
[14/11/2022 17:59:08] /c blacksapito
[14/11/2022 18:00:03] /c blacksapito
[14/11/2022 18:00:19] /c blacksapito
[14/11/2022 18:01:36] /c blacksapito
[14/11/2022 18:01:41] /c blacksapito
[14/11/2022 18:01:46] /c blacksapito
[14/11/2022 18:02:21] /c blacksapito
[14/11/2022 18:02:37] /attr lvl 1
[14/11/2022 18:02:40] /attr lvl 
[14/11/2022 18:04:53] /goto decade
[14/11/2022 18:04:55] /c ubaldo
[14/11/2022 18:10:47] /goto ubaldo
[14/11/2022 18:10:55] /c decade
[14/11/2022 18:11:00] /c decade
[14/11/2022 18:12:02] /goto ubaldo
[14/11/2022 18:12:05] /c decade
[14/11/2022 18:12:19] /c goto decade
[15/11/2022 09:09:33] /t
[15/11/2022 09:09:55] /m ultimate blastoise
[15/11/2022 09:18:42] /goto decade
[15/11/2022 09:18:47] /c god syovel
[15/11/2022 09:18:52] /ghost
[15/11/2022 09:21:16] /a 2
[15/11/2022 09:21:25] /i halloween hoopa
[15/11/2022 09:22:45] /i master ball
[15/11/2022 09:26:28] /goto blacksapito
[15/11/2022 09:26:51] /i 2148
[15/11/2022 09:27:15] /i 24148
[15/11/2022 09:27:25] /i 24148
[15/11/2022 09:34:24] /goto decade
[15/11/2022 11:15:13] /t
[15/11/2022 11:16:43] /r
[15/11/2022 11:17:06] /i 
[15/11/2022 11:17:15] /i 17134
[15/11/2022 11:17:26] /r
[15/11/2022 11:17:41] /t
[15/11/2022 15:32:45] /r
[15/11/2022 15:33:05] /i 17134
[15/11/2022 15:35:06] /m lugia
[15/11/2022 15:35:33] /b evento cazen al lugia shao suerte diviertanse
[15/11/2022 15:35:35] /ghost
[15/11/2022 15:35:43] /b evento cazen al lugia shao suerte diviertanse
[15/11/2022 15:35:49] /b evento cazen al lugia shao suerte diviertanse
[15/11/2022 15:35:52] /b evento cazen al lugia shao suerte diviertanse
[15/11/2022 15:36:03] /b evento cazen al lugia shao suerte diviertanse
[15/11/2022 15:36:32] /r
[15/11/2022 15:37:28] /m tapu coco
[15/11/2022 15:37:43] /m tapucoco
[15/11/2022 15:37:48] /m tapu coco
[15/11/2022 15:38:34] /m keldeo
[15/11/2022 15:39:03] /r
[15/11/2022 15:40:27] /b mega box para el que me diga mi primer nombre :"
[15/11/2022 15:41:20] /ghost
[15/11/2022 15:41:35] /newtype 251
[15/11/2022 15:41:39] /newtype 358
[15/11/2022 16:11:20] /goto Roberto Mzt
[15/11/2022 16:12:25] /newtype 559
[15/11/2022 16:14:59] /i 18918
[15/11/2022 16:15:00] /i 18918
[15/11/2022 16:15:00] /i 18918
[15/11/2022 16:15:01] /i 18918
[15/11/2022 16:15:02] /i 18918
[15/11/2022 16:15:02] /i 18918
[15/11/2022 16:15:03] /i 18918
[15/11/2022 16:15:04] /i 18918
[15/11/2022 16:16:12] /t
[15/11/2022 16:23:34] /ghost
[15/11/2022 22:47:47] /goto black_sapito
[15/11/2022 22:50:47] /i 20762
[15/11/2022 22:52:36] /i 6569
[15/11/2022 22:52:38] /i 6569
[15/11/2022 22:52:39] /i 6569
[15/11/2022 22:52:42] /i 6569
[15/11/2022 22:53:46] /goto black_sapito
[15/11/2022 22:55:03] /addskill black_sapito level 650
[15/11/2022 22:55:19] /addskill black_sapito level 65
[15/11/2022 22:55:34] /addskill black_sapito, level, 65
[15/11/2022 22:55:45] /addskill black_sapito, level, 620
[16/11/2022 08:30:35] /a 2
[16/11/2022 08:31:20] /r
[16/11/2022 08:31:34] /i 17134
[16/11/2022 08:32:13] /ghost
[16/11/2022 08:32:27] /newtype 254
[16/11/2022 08:32:32] /newtype 254
[16/11/2022 08:32:34] /newtype 222
[16/11/2022 08:32:39] /newtype 155
[16/11/2022 08:32:43] /newtype 25
[16/11/2022 08:34:26] /i 18918
[16/11/2022 08:34:28] /i 18918
[16/11/2022 08:34:28] /i 18918
[16/11/2022 08:34:30] /i 18918
[16/11/2022 08:36:18] /b ando en curso si nesesita ayuda urgente dejenme whats privado soy osvaldo 
[16/11/2022 09:06:31] /save
[16/11/2022 09:06:41] /bc solgaleo
[16/11/2022 09:07:11] /goto seikerei
[16/11/2022 09:07:15] /goto seikirei
[16/11/2022 09:07:25] /goto sekirei
[16/11/2022 09:08:23] /t
[16/11/2022 10:47:39] /c
[16/11/2022 10:47:44] /t
