[14/11/2022 11:51:32] /goto 151, 136, 6
[14/11/2022 14:32:21] /goto /t
[14/11/2022 14:32:22] /t
[14/11/2022 14:32:32] /ghost
[14/11/2022 14:33:42] /goto 151, 136, 6
[14/11/2022 14:33:45] /c lafra
[14/11/2022 14:35:16] /t
[14/11/2022 14:45:16] /ban Vuzze, 900
[14/11/2022 14:47:25] /unban Vuzze
[14/11/2022 14:47:31] /ban Vuzze, 900
[14/11/2022 14:48:37] /ban Vuzze, 900
[14/11/2022 19:11:39] /t
[14/11/2022 21:45:15] /t
[14/11/2022 22:14:31] /t
[14/11/2022 22:14:39] /goto Houl
[14/11/2022 22:15:19] /i revive
[14/11/2022 22:15:40] /goto Houl
[14/11/2022 22:15:58] /t
[14/11/2022 22:17:07] /goto adm toxic
[14/11/2022 22:17:09] /goto adm toxic
[14/11/2022 22:17:10] /goto adm toxic
[14/11/2022 22:20:56] /t
[15/11/2022 09:17:02] /goto CM Toxin
[15/11/2022 09:22:57] /a
[15/11/2022 09:23:26] /a
[15/11/2022 09:23:28] /a 2
[15/11/2022 09:23:31] /a 3
[15/11/2022 09:24:56] /i Honored token
[15/11/2022 09:25:23] /owner blacksapito
[15/11/2022 09:25:40] /owner nobody
[15/11/2022 09:26:17] /t
[15/11/2022 09:26:27] /goto CM Toxin
[15/11/2022 09:26:29] /t
[15/11/2022 09:26:32] /goto blacksapito
[15/11/2022 09:27:33] /i 24148
[15/11/2022 09:27:36] /i 24148
[15/11/2022 09:28:06] /r 100
[15/11/2022 09:28:08] /r 100
[16/11/2022 16:16:26] /goto Houl
[16/11/2022 16:16:47] /i Experience potion 5
[16/11/2022 22:32:32] /ghost
[16/11/2022 22:32:40] /goto Kennywyse
[16/11/2022 22:32:46] /goto Trainersito
[16/11/2022 22:32:52] /goto LLuvia
[16/11/2022 22:33:10] /t
[16/11/2022 22:33:53] /giveitemall 7439,1
[17/11/2022 08:48:26] /goto spooky
[17/11/2022 08:49:45] /ghost
[17/11/2022 08:51:11] /attr set boost, 300
[17/11/2022 08:51:13] /attr set boost, 100
[17/11/2022 08:51:17] /attr set boost, 100
[17/11/2022 08:52:32] /i X-attack t7
[17/11/2022 08:52:39] /i Y-cure t7
[17/11/2022 13:52:27] /goto chamkiito
[17/11/2022 13:52:34] /goto Chamakiito
[17/11/2022 13:53:26] /i roxy point
[17/11/2022 13:53:27] /i roxy point
[17/11/2022 13:55:25] /i diamond
[17/11/2022 13:55:30] /i small diamond
[17/11/2022 13:59:36] /t
[18/11/2022 16:45:28] /t
[18/11/2022 16:46:16] /ghost
[18/11/2022 16:46:19] /goto lalocross
[18/11/2022 16:46:53] /r
[18/11/2022 16:47:02] /goto Chingakedito
[18/11/2022 16:47:28] /r
[18/11/2022 16:47:41] /goto Flor Pxg
[18/11/2022 16:47:51] /goto vegapunk
[18/11/2022 16:47:55] /goto pluto
[18/11/2022 16:58:12] /goto Pendetortuga
[18/11/2022 16:58:16] /goto Dios37
[18/11/2022 16:58:25] /goto Dkpitt
[18/11/2022 16:58:51] /r
[18/11/2022 17:04:02] /r
[18/11/2022 17:04:12] /r
[18/11/2022 17:04:17] /r
[18/11/2022 17:04:21] /r
[18/11/2022 17:06:28] /cliport
[18/11/2022 17:08:48] /r
[18/11/2022 17:08:54] /t
[18/11/2022 17:09:26] /r
[18/11/2022 17:09:43] /goto tapu lele
[18/11/2022 17:11:22] /goto Dpkiit
[18/11/2022 17:11:24] /goto Dpkitt
[18/11/2022 17:11:31] /goto Dkpitt
[18/11/2022 17:15:55] /goto Dkpitt
[18/11/2022 17:18:27] /ban Dkpit, AFK UP, 260000
[18/11/2022 17:19:01] /ban Dkpitt, AFK UP, 7200
[18/11/2022 17:31:34] /t
[18/11/2022 17:31:43] /ban skinze, afk, 100
[18/11/2022 17:31:55] /ban Skinze, afk, 1000
[18/11/2022 17:32:29] /ban Skinze, afk, 1000
[18/11/2022 17:32:46] /ban Skinze, afk, 1000
[18/11/2022 17:32:50] /ban Skinze
[18/11/2022 17:32:55] /ban Skinze
[18/11/2022 17:33:34] /unban skinze
[18/11/2022 17:33:37] /ban Skinze
[18/11/2022 17:34:33] /ban Skinze
[18/11/2022 17:36:03] /ban Skinze
[18/11/2022 17:37:02] /baninfo Houl
[18/11/2022 17:37:10] /ban Houl
[18/11/2022 17:37:16] /ban Houl
[18/11/2022 17:38:03] /ban Houl
[18/11/2022 17:38:09] /ban CM Uzzy
[18/11/2022 17:38:16] /unban CM uzzy
[18/11/2022 17:38:21] /unban Skinze
[18/11/2022 17:38:26] /unban Houl
[18/11/2022 17:38:43] /goto Dkpitt
[18/11/2022 17:40:40] /goto Dkpitt
[18/11/2022 17:40:43] /t
[18/11/2022 17:42:56] /goto Dkpitt
[18/11/2022 17:43:01] /t
[18/11/2022 17:46:05] /t
[18/11/2022 17:46:29] /b Mil disculpas por la caida del servidor, estamos metiendo actualizaciones. Si llegaron a perder algo avisenme por favor.
[18/11/2022 20:51:09] /r
[18/11/2022 20:51:14] /i X-attack t4
[18/11/2022 20:51:22] /i Y-cure t4
[18/11/2022 21:25:22] /b que onda raza, como andan?
[18/11/2022 21:25:25] /ghost
[18/11/2022 23:54:04] /ghost
[18/11/2022 23:54:11] /goto flor pxg
[18/11/2022 23:54:21] /t
[19/11/2022 09:08:33] /goto Zenn
[19/11/2022 09:08:47] /ghost
[19/11/2022 09:11:19] /i roxy point
[19/11/2022 09:52:48] /ghost
[19/11/2022 09:52:53] /cliport
[19/11/2022 09:55:59] /t
[19/11/2022 14:35:12] /goto Churroslocos
[19/11/2022 14:35:15] /goto chamakito
[19/11/2022 14:35:21] /goto Chamakiito
[19/11/2022 14:42:31] /t
[19/11/2022 14:45:27] /i roxy point
[19/11/2022 14:45:29] /i roxy point
[19/11/2022 14:45:35] /i roxy point
[19/11/2022 14:50:07] /goto Registeel
[19/11/2022 14:50:11] /goto Regigas
[19/11/2022 14:50:14] /goto Regigigas
[19/11/2022 14:50:19] /r
[19/11/2022 14:50:20] /goto Regigigas
[19/11/2022 14:50:21] /goto Regigigas
[19/11/2022 14:50:24] /m Regigias
[19/11/2022 14:50:28] /m Regigigas
[19/11/2022 14:50:37] /t
[19/11/2022 14:55:07] /m regissteel
[19/11/2022 14:55:18] /m registeel
[19/11/2022 14:57:45] /goto 1490, 527, 8
[19/11/2022 14:58:01] /goto 1526, 588, 8
[19/11/2022 14:58:07] /t
[19/11/2022 14:58:11] /goto registeel
[19/11/2022 14:58:24] /goto mecha meganium
[19/11/2022 14:58:31] /goto Mecha Meganium
[19/11/2022 14:58:45] /goto 1029, 340, 11
[19/11/2022 15:00:12] /m Victini
[19/11/2022 15:02:29] /a
[19/11/2022 15:02:30] /a
[19/11/2022 15:02:33] /a 15
[19/11/2022 15:02:35] /a 15
[19/11/2022 15:02:36] /a 15
[19/11/2022 15:06:14] /a 15
[19/11/2022 15:06:18] /a 15
[19/11/2022 15:06:22] /m Victini
[19/11/2022 15:09:43] /m victini
[19/11/2022 15:09:50] /i Medicine
[19/11/2022 15:11:20] /goto 1029, 340, 11
[19/11/2022 15:11:34] /i Y-Cure T7
[19/11/2022 15:11:41] /m Victini
[19/11/2022 15:15:49] /t
[20/11/2022 15:23:05] /ghost
[20/11/2022 15:23:12] /ghost
[20/11/2022 15:23:19] /goto Churroslocos
[20/11/2022 15:23:30] /goto imox roack
[20/11/2022 15:23:38] /goto Pendetortuga
[20/11/2022 15:23:47] /r
[20/11/2022 15:24:00] /t
[20/11/2022 22:35:51] /ghost
[20/11/2022 22:37:48] /t
[20/11/2022 22:37:59] /t
[20/11/2022 22:38:37] /attr set boost 150
[20/11/2022 22:38:40] /attr set boost 150
[20/11/2022 22:39:10] /i X-Attack T7
[20/11/2022 22:39:20] /i Y-cure t7
[20/11/2022 22:41:25] /goto Luffytaro
[20/11/2022 22:41:31] /goto luffy7aro
[20/11/2022 22:43:22] /t
[20/11/2022 22:43:30] /goto Sir gokuy
[20/11/2022 22:43:31] /goto Sir goku
[20/11/2022 22:43:35] /goto kenedy
[20/11/2022 22:43:57] /r
[20/11/2022 22:44:00] /t
