[16/11/2022 12:49:37] !depositall
[16/11/2022 12:50:03] !deposit 2000000001 
[16/11/2022 12:50:23] !deposit 5000000
[16/11/2022 12:50:32] !deposit 5000000
[16/11/2022 12:50:35] !deposit 5000000
[16/11/2022 12:50:36] !deposit 5000000
[16/11/2022 12:50:37] !deposit 5000000
[16/11/2022 12:50:38] !deposit 5000000
[16/11/2022 12:50:39] !deposit 5000000
[16/11/2022 12:50:40] !deposit 5000000
[16/11/2022 12:50:40] !deposit 5000000
[16/11/2022 12:50:41] !deposit 5000000
[16/11/2022 12:50:42] !deposit 5000000
[16/11/2022 12:50:43] !deposit 5000000
[16/11/2022 12:50:43] !deposit 5000000
[16/11/2022 12:50:44] !deposit 5000000
[16/11/2022 12:50:48] !balance
[16/11/2022 12:51:00] !deposit 500000
[16/11/2022 12:53:40] !deposit 500000
[16/11/2022 12:53:42] !deposit 500000
[16/11/2022 12:53:43] !deposit 500000
[16/11/2022 12:53:44] !deposit 500000
[16/11/2022 12:53:45] !deposit 500000
[16/11/2022 12:53:45] !deposit 500000
[16/11/2022 12:53:46] !deposit 500000
[16/11/2022 12:53:47] !deposit 500000
[16/11/2022 12:53:48] !deposit 500000
[16/11/2022 12:53:49] !deposit 500000
[16/11/2022 12:53:51] !deposit 5000000
[16/11/2022 12:53:53] !deposit 5000000
[16/11/2022 12:53:54] !deposit 5000000
[16/11/2022 12:53:57] !deposit 50000000
[16/11/2022 12:53:58] !deposit 50000000
[16/11/2022 12:53:59] !deposit 50000000
[16/11/2022 12:54:00] !deposit 50000000
[16/11/2022 12:54:02] !deposit 50000000
[16/11/2022 12:54:04] !deposit 500000000
[16/11/2022 12:54:06] !deposit 500000000
[16/11/2022 12:54:07] !deposit 500000000
[16/11/2022 12:54:09] !deposit 500000000
[16/11/2022 12:54:11] !deposit 500000000
[16/11/2022 12:54:12] !deposit 500000000
[16/11/2022 12:54:22] !deposit 500000000
[16/11/2022 12:54:25] !deposit 500000000
[16/11/2022 12:54:31] !deposit 500000000
[16/11/2022 12:54:33] !deposit 500000000
[16/11/2022 12:54:39] !deposit 500000000
[16/11/2022 12:54:41] !deposit 500000000
[16/11/2022 12:54:43] !balance
[16/11/2022 12:54:46] !balance
[16/11/2022 12:55:00] !deposit 500000000
[16/11/2022 12:55:01] !deposit 500000000
[16/11/2022 12:55:09] !deposit 500000000
[16/11/2022 12:55:11] !deposit 500000000
[16/11/2022 12:55:15] !deposit 500000000
[16/11/2022 12:55:19] !deposit 500000000
[16/11/2022 12:55:35] !depositall
[16/11/2022 12:56:46] !balance
[16/11/2022 15:04:01] !balance
[16/11/2022 15:04:50] !withdraw 17000000
[16/11/2022 15:05:17] !depositall
[16/11/2022 17:49:34] !depositall
[16/11/2022 17:49:53] !depositall
[16/11/2022 17:49:59] !deposit
[16/11/2022 17:50:04] !deposit 50000000
[16/11/2022 17:50:13] !deposit 50000000
[16/11/2022 17:50:14] !deposit 50000000
[16/11/2022 17:50:16] !deposit 5000000
[16/11/2022 17:50:24] !deposit 50000000
[16/11/2022 17:50:25] !deposit 50000000
[16/11/2022 17:50:30] !deposit 50000000
[17/11/2022 11:43:03] !depositall
[17/11/2022 11:43:14] !depositall
[17/11/2022 11:43:21] !depositall
[17/11/2022 11:43:26] !depositall
[17/11/2022 11:43:31] !depositall
[17/11/2022 11:43:36] !depositall
[17/11/2022 11:43:42] !depositall
[17/11/2022 11:43:47] !depositall
[17/11/2022 11:43:50] !balance
[17/11/2022 11:45:19] !withdraw 2094697112
[17/11/2022 11:45:35] !withdraw 1000000000
[17/11/2022 11:46:01] !withdraw 20000000
[17/11/2022 11:46:09] !withdraw 200000000
[17/11/2022 11:46:14] !depositall
[17/11/2022 11:46:18] !withdraw 200000000
[17/11/2022 11:46:19] !withdraw 200000000
[17/11/2022 11:46:20] !withdraw 200000000
[17/11/2022 11:46:21] !withdraw 200000000
[17/11/2022 11:46:22] !withdraw 200000000
[17/11/2022 11:46:22] !withdraw 200000000
[17/11/2022 11:46:23] !withdraw 200000000
[17/11/2022 11:46:24] !withdraw 200000000
[17/11/2022 11:46:24] !withdraw 200000000
[17/11/2022 11:46:25] !withdraw 200000000
[17/11/2022 11:46:26] !withdraw 200000000
[17/11/2022 11:46:27] !withdraw 200000000
[17/11/2022 11:46:51] !withdraw 94697112.
